CRITICAL - 2021-08-28 14:04:42 --> Required parameter $currentfont follows optional parameter $isunicode
#0 C:\Users\lanas\OneDrive\Documents\Skripsi\jasa\galuh\program\pelatihan_atlet\app\Views\pages\dashboard\html2pdf_v5.2-master\vendor\tecnickcom\tcpdf\tcpdf.php(115): CodeIgniter\Debug\Exceptions->errorHandler(8192, 'Required parame...', 'C:\\Users\\lanas\\...', 1998)
#1 C:\Users\lanas\OneDrive\Documents\Skripsi\jasa\galuh\program\pelatihan_atlet\app\Views\pages\dashboard\html2pdf_v5.2-master\vendor\tecnickcom\tcpdf\tcpdf.php(115): require_once()
#2 C:\Users\lanas\OneDrive\Documents\Skripsi\jasa\galuh\program\pelatihan_atlet\vendor\composer\ClassLoader.php(478): include('C:\\Users\\lanas\\...')
#3 C:\Users\lanas\OneDrive\Documents\Skripsi\jasa\galuh\program\pelatihan_atlet\vendor\composer\ClassLoader.php(346): Composer\Autoload\includeFile('C:\\Users\\lanas\\...')
#4 C:\Users\lanas\OneDrive\Documents\Skripsi\jasa\galuh\program\pelatihan_atlet\app\Views\pages\dashboard\html2pdf_v5.2-master\vendor\spipu\html2pdf\src\MyPdf.php(17): Composer\Autoload\ClassLoader->loadClass('TCPDF')
#5 C:\Users\lanas\OneDrive\Documents\Skripsi\jasa\galuh\program\pelatihan_atlet\vendor\composer\ClassLoader.php(478): include('C:\\Users\\lanas\\...')
#6 C:\Users\lanas\OneDrive\Documents\Skripsi\jasa\galuh\program\pelatihan_atlet\vendor\composer\ClassLoader.php(346): Composer\Autoload\includeFile('C:\\Users\\lanas\\...')
#7 C:\Users\lanas\OneDrive\Documents\Skripsi\jasa\galuh\program\pelatihan_atlet\app\Views\pages\dashboard\html2pdf_v5.2-master\vendor\spipu\html2pdf\src\Html2Pdf.php(198): Composer\Autoload\ClassLoader->loadClass('Spipu\\Html2Pdf\\...')
#8 C:\Users\lanas\OneDrive\Documents\Skripsi\jasa\galuh\program\pelatihan_atlet\app\Views\pages\dashboard\detail-program-latihan.php(124): Spipu\Html2Pdf\Html2Pdf->__construct('P', 'A4', 'fr', true, 'UTF-8', Array, false)
#9 C:\Users\lanas\OneDrive\Documents\Skripsi\jasa\galuh\program\pelatihan_atlet\vendor\codeigniter4\framework\system\View\View.php(230): include('C:\\Users\\lanas\\...')
#10 C:\Users\lanas\OneDrive\Documents\Skripsi\jasa\galuh\program\pelatihan_atlet\vendor\codeigniter4\framework\system\View\View.php(232): CodeIgniter\View\View->CodeIgniter\View\{closure}()
#11 C:\Users\lanas\OneDrive\Documents\Skripsi\jasa\galuh\program\pelatihan_atlet\vendor\codeigniter4\framework\system\Common.php(1271): CodeIgniter\View\View->render('pages/dashboard...', Array, true)
#12 C:\Users\lanas\OneDrive\Documents\Skripsi\jasa\galuh\program\pelatihan_atlet\app\Controllers\ProgramLatihan.php(201): view('pages/dashboard...', Array)
#13 C:\Users\lanas\OneDrive\Documents\Skripsi\jasa\galuh\program\pelatihan_atlet\vendor\codeigniter4\framework\system\CodeIgniter.php(928): App\Controllers\ProgramLatihan->detail('4')
#14 C:\Users\lanas\OneDrive\Documents\Skripsi\jasa\galuh\program\pelatihan_atlet\vendor\codeigniter4\framework\system\CodeIgniter.php(436): CodeIgniter\CodeIgniter->runController(Object(App\Controllers\ProgramLatihan))
#15 C:\Users\lanas\OneDrive\Documents\Skripsi\jasa\galuh\program\pelatihan_atlet\vendor\codeigniter4\framework\system\CodeIgniter.php(336): CodeIgniter\CodeIgniter->handleRequest(NULL, Object(Config\Cache), false)
#16 C:\Users\lanas\OneDrive\Documents\Skripsi\jasa\galuh\program\pelatihan_atlet\public\index.php(37): CodeIgniter\CodeIgniter->run()
#17 C:\Users\lanas\OneDrive\Documents\Skripsi\jasa\galuh\program\pelatihan_atlet\vendor\codeigniter4\framework\system\Commands\Server\rewrite.php(45): require_once('C:\\Users\\lanas\\...')
#18 {main}
CRITICAL - 2021-08-28 14:15:14 --> require(C:\Users\lanas\OneDrive\Documents\Skripsi\jasa\galuh\program\pelatihan_atlet\app\Views\pages\dashboard/html2pdf_v5.2-master/vendor/autoload.php): Failed to open stream: No such file or directory
#0 C:\Users\lanas\OneDrive\Documents\Skripsi\jasa\galuh\program\pelatihan_atlet\app\Views\pages\dashboard\detail-program-latihan.php(120): CodeIgniter\Debug\Exceptions->errorHandler(2, 'require(C:\\User...', 'C:\\Users\\lanas\\...', 120)
#1 C:\Users\lanas\OneDrive\Documents\Skripsi\jasa\galuh\program\pelatihan_atlet\app\Views\pages\dashboard\detail-program-latihan.php(120): require()
#2 C:\Users\lanas\OneDrive\Documents\Skripsi\jasa\galuh\program\pelatihan_atlet\vendor\codeigniter4\framework\system\View\View.php(230): include('C:\\Users\\lanas\\...')
#3 C:\Users\lanas\OneDrive\Documents\Skripsi\jasa\galuh\program\pelatihan_atlet\vendor\codeigniter4\framework\system\View\View.php(232): CodeIgniter\View\View->CodeIgniter\View\{closure}()
#4 C:\Users\lanas\OneDrive\Documents\Skripsi\jasa\galuh\program\pelatihan_atlet\vendor\codeigniter4\framework\system\Common.php(1271): CodeIgniter\View\View->render('pages/dashboard...', Array, true)
#5 C:\Users\lanas\OneDrive\Documents\Skripsi\jasa\galuh\program\pelatihan_atlet\app\Controllers\ProgramLatihan.php(201): view('pages/dashboard...', Array)
#6 C:\Users\lanas\OneDrive\Documents\Skripsi\jasa\galuh\program\pelatihan_atlet\vendor\codeigniter4\framework\system\CodeIgniter.php(928): App\Controllers\ProgramLatihan->detail('4')
#7 C:\Users\lanas\OneDrive\Documents\Skripsi\jasa\galuh\program\pelatihan_atlet\vendor\codeigniter4\framework\system\CodeIgniter.php(436): CodeIgniter\CodeIgniter->runController(Object(App\Controllers\ProgramLatihan))
#8 C:\Users\lanas\OneDrive\Documents\Skripsi\jasa\galuh\program\pelatihan_atlet\vendor\codeigniter4\framework\system\CodeIgniter.php(336): CodeIgniter\CodeIgniter->handleRequest(NULL, Object(Config\Cache), false)
#9 C:\Users\lanas\OneDrive\Documents\Skripsi\jasa\galuh\program\pelatihan_atlet\public\index.php(37): CodeIgniter\CodeIgniter->run()
#10 C:\Users\lanas\OneDrive\Documents\Skripsi\jasa\galuh\program\pelatihan_atlet\vendor\codeigniter4\framework\system\Commands\Server\rewrite.php(45): require_once('C:\\Users\\lanas\\...')
#11 {main}
CRITICAL - 2021-08-28 14:16:27 --> require(C:\Users\lanas\OneDrive\Documents\Skripsi\jasa\galuh\program\pelatihan_atlet\app\Views\pages\dashboardhtml2pdf_v5.2-master/vendor/autoload.php): Failed to open stream: No such file or directory
#0 C:\Users\lanas\OneDrive\Documents\Skripsi\jasa\galuh\program\pelatihan_atlet\app\Views\pages\dashboard\detail-program-latihan.php(120): CodeIgniter\Debug\Exceptions->errorHandler(2, 'require(C:\\User...', 'C:\\Users\\lanas\\...', 120)
#1 C:\Users\lanas\OneDrive\Documents\Skripsi\jasa\galuh\program\pelatihan_atlet\app\Views\pages\dashboard\detail-program-latihan.php(120): require()
#2 C:\Users\lanas\OneDrive\Documents\Skripsi\jasa\galuh\program\pelatihan_atlet\vendor\codeigniter4\framework\system\View\View.php(230): include('C:\\Users\\lanas\\...')
#3 C:\Users\lanas\OneDrive\Documents\Skripsi\jasa\galuh\program\pelatihan_atlet\vendor\codeigniter4\framework\system\View\View.php(232): CodeIgniter\View\View->CodeIgniter\View\{closure}()
#4 C:\Users\lanas\OneDrive\Documents\Skripsi\jasa\galuh\program\pelatihan_atlet\vendor\codeigniter4\framework\system\Common.php(1271): CodeIgniter\View\View->render('pages/dashboard...', Array, true)
#5 C:\Users\lanas\OneDrive\Documents\Skripsi\jasa\galuh\program\pelatihan_atlet\app\Controllers\ProgramLatihan.php(201): view('pages/dashboard...', Array)
#6 C:\Users\lanas\OneDrive\Documents\Skripsi\jasa\galuh\program\pelatihan_atlet\vendor\codeigniter4\framework\system\CodeIgniter.php(928): App\Controllers\ProgramLatihan->detail('4')
#7 C:\Users\lanas\OneDrive\Documents\Skripsi\jasa\galuh\program\pelatihan_atlet\vendor\codeigniter4\framework\system\CodeIgniter.php(436): CodeIgniter\CodeIgniter->runController(Object(App\Controllers\ProgramLatihan))
#8 C:\Users\lanas\OneDrive\Documents\Skripsi\jasa\galuh\program\pelatihan_atlet\vendor\codeigniter4\framework\system\CodeIgniter.php(336): CodeIgniter\CodeIgniter->handleRequest(NULL, Object(Config\Cache), false)
#9 C:\Users\lanas\OneDrive\Documents\Skripsi\jasa\galuh\program\pelatihan_atlet\public\index.php(37): CodeIgniter\CodeIgniter->run()
#10 C:\Users\lanas\OneDrive\Documents\Skripsi\jasa\galuh\program\pelatihan_atlet\vendor\codeigniter4\framework\system\Commands\Server\rewrite.php(45): require_once('C:\\Users\\lanas\\...')
#11 {main}
CRITICAL - 2021-08-28 14:16:32 --> require(C:\Users\lanas\OneDrive\Documents\Skripsi\jasa\galuh\program\pelatihan_atlet\app\Views\pages\dashboard/html2pdf_v5.2-master/vendor/autoload.php): Failed to open stream: No such file or directory
#0 C:\Users\lanas\OneDrive\Documents\Skripsi\jasa\galuh\program\pelatihan_atlet\app\Views\pages\dashboard\detail-program-latihan.php(120): CodeIgniter\Debug\Exceptions->errorHandler(2, 'require(C:\\User...', 'C:\\Users\\lanas\\...', 120)
#1 C:\Users\lanas\OneDrive\Documents\Skripsi\jasa\galuh\program\pelatihan_atlet\app\Views\pages\dashboard\detail-program-latihan.php(120): require()
#2 C:\Users\lanas\OneDrive\Documents\Skripsi\jasa\galuh\program\pelatihan_atlet\vendor\codeigniter4\framework\system\View\View.php(230): include('C:\\Users\\lanas\\...')
#3 C:\Users\lanas\OneDrive\Documents\Skripsi\jasa\galuh\program\pelatihan_atlet\vendor\codeigniter4\framework\system\View\View.php(232): CodeIgniter\View\View->CodeIgniter\View\{closure}()
#4 C:\Users\lanas\OneDrive\Documents\Skripsi\jasa\galuh\program\pelatihan_atlet\vendor\codeigniter4\framework\system\Common.php(1271): CodeIgniter\View\View->render('pages/dashboard...', Array, true)
#5 C:\Users\lanas\OneDrive\Documents\Skripsi\jasa\galuh\program\pelatihan_atlet\app\Controllers\ProgramLatihan.php(201): view('pages/dashboard...', Array)
#6 C:\Users\lanas\OneDrive\Documents\Skripsi\jasa\galuh\program\pelatihan_atlet\vendor\codeigniter4\framework\system\CodeIgniter.php(928): App\Controllers\ProgramLatihan->detail('4')
#7 C:\Users\lanas\OneDrive\Documents\Skripsi\jasa\galuh\program\pelatihan_atlet\vendor\codeigniter4\framework\system\CodeIgniter.php(436): CodeIgniter\CodeIgniter->runController(Object(App\Controllers\ProgramLatihan))
#8 C:\Users\lanas\OneDrive\Documents\Skripsi\jasa\galuh\program\pelatihan_atlet\vendor\codeigniter4\framework\system\CodeIgniter.php(336): CodeIgniter\CodeIgniter->handleRequest(NULL, Object(Config\Cache), false)
#9 C:\Users\lanas\OneDrive\Documents\Skripsi\jasa\galuh\program\pelatihan_atlet\public\index.php(37): CodeIgniter\CodeIgniter->run()
#10 C:\Users\lanas\OneDrive\Documents\Skripsi\jasa\galuh\program\pelatihan_atlet\vendor\codeigniter4\framework\system\Commands\Server\rewrite.php(45): require_once('C:\\Users\\lanas\\...')
#11 {main}
CRITICAL - 2021-08-28 14:17:06 --> Failed opening required 'C:\Users\lanas\OneDrive\Documents\Skripsi\jasa\galuh\program\pelatihan_atlet\app\/html2pdf_v5.2-master/vendor/autoload.php' (include_path='C:\xampp\php\PEAR')
#0 C:\Users\lanas\OneDrive\Documents\Skripsi\jasa\galuh\program\pelatihan_atlet\vendor\codeigniter4\framework\system\View\View.php(230): include()
#1 C:\Users\lanas\OneDrive\Documents\Skripsi\jasa\galuh\program\pelatihan_atlet\vendor\codeigniter4\framework\system\View\View.php(232): CodeIgniter\View\View->CodeIgniter\View\{closure}()
#2 C:\Users\lanas\OneDrive\Documents\Skripsi\jasa\galuh\program\pelatihan_atlet\vendor\codeigniter4\framework\system\Common.php(1271): CodeIgniter\View\View->render('pages/dashboard...', Array, true)
#3 C:\Users\lanas\OneDrive\Documents\Skripsi\jasa\galuh\program\pelatihan_atlet\app\Controllers\ProgramLatihan.php(201): view('pages/dashboard...', Array)
#4 C:\Users\lanas\OneDrive\Documents\Skripsi\jasa\galuh\program\pelatihan_atlet\vendor\codeigniter4\framework\system\CodeIgniter.php(928): App\Controllers\ProgramLatihan->detail('4')
#5 C:\Users\lanas\OneDrive\Documents\Skripsi\jasa\galuh\program\pelatihan_atlet\vendor\codeigniter4\framework\system\CodeIgniter.php(436): CodeIgniter\CodeIgniter->runController(Object(App\Controllers\ProgramLatihan))
#6 C:\Users\lanas\OneDrive\Documents\Skripsi\jasa\galuh\program\pelatihan_atlet\vendor\codeigniter4\framework\system\CodeIgniter.php(336): CodeIgniter\CodeIgniter->handleRequest(NULL, Object(Config\Cache), false)
#7 C:\Users\lanas\OneDrive\Documents\Skripsi\jasa\galuh\program\pelatihan_atlet\public\index.php(37): CodeIgniter\CodeIgniter->run()
#8 C:\Users\lanas\OneDrive\Documents\Skripsi\jasa\galuh\program\pelatihan_atlet\vendor\codeigniter4\framework\system\Commands\Server\rewrite.php(45): require_once('C:\\Users\\lanas\\...')
#9 {main}
CRITICAL - 2021-08-28 14:17:21 --> Failed opening required 'C:\Users\lanas\OneDrive\Documents\Skripsi\jasa\galuh\program\pelatihan_atlet\app\html2pdf_v5.2-master/vendor/autoload.php' (include_path='C:\xampp\php\PEAR')
#0 C:\Users\lanas\OneDrive\Documents\Skripsi\jasa\galuh\program\pelatihan_atlet\vendor\codeigniter4\framework\system\View\View.php(230): include()
#1 C:\Users\lanas\OneDrive\Documents\Skripsi\jasa\galuh\program\pelatihan_atlet\vendor\codeigniter4\framework\system\View\View.php(232): CodeIgniter\View\View->CodeIgniter\View\{closure}()
#2 C:\Users\lanas\OneDrive\Documents\Skripsi\jasa\galuh\program\pelatihan_atlet\vendor\codeigniter4\framework\system\Common.php(1271): CodeIgniter\View\View->render('pages/dashboard...', Array, true)
#3 C:\Users\lanas\OneDrive\Documents\Skripsi\jasa\galuh\program\pelatihan_atlet\app\Controllers\ProgramLatihan.php(201): view('pages/dashboard...', Array)
#4 C:\Users\lanas\OneDrive\Documents\Skripsi\jasa\galuh\program\pelatihan_atlet\vendor\codeigniter4\framework\system\CodeIgniter.php(928): App\Controllers\ProgramLatihan->detail('4')
#5 C:\Users\lanas\OneDrive\Documents\Skripsi\jasa\galuh\program\pelatihan_atlet\vendor\codeigniter4\framework\system\CodeIgniter.php(436): CodeIgniter\CodeIgniter->runController(Object(App\Controllers\ProgramLatihan))
#6 C:\Users\lanas\OneDrive\Documents\Skripsi\jasa\galuh\program\pelatihan_atlet\vendor\codeigniter4\framework\system\CodeIgniter.php(336): CodeIgniter\CodeIgniter->handleRequest(NULL, Object(Config\Cache), false)
#7 C:\Users\lanas\OneDrive\Documents\Skripsi\jasa\galuh\program\pelatihan_atlet\public\index.php(37): CodeIgniter\CodeIgniter->run()
#8 C:\Users\lanas\OneDrive\Documents\Skripsi\jasa\galuh\program\pelatihan_atlet\vendor\codeigniter4\framework\system\Commands\Server\rewrite.php(45): require_once('C:\\Users\\lanas\\...')
#9 {main}
CRITICAL - 2021-08-28 14:18:10 --> require(C:\Users\lanas\OneDrive\Documents\Skripsi\jasa\galuh\program\pelatihan_atlet\app\Views\pages\dashboardhtml2pdf_v5.2-master/vendor/autoload.php): Failed to open stream: No such file or directory
#0 C:\Users\lanas\OneDrive\Documents\Skripsi\jasa\galuh\program\pelatihan_atlet\app\Views\pages\dashboard\detail-program-latihan.php(120): CodeIgniter\Debug\Exceptions->errorHandler(2, 'require(C:\\User...', 'C:\\Users\\lanas\\...', 120)
#1 C:\Users\lanas\OneDrive\Documents\Skripsi\jasa\galuh\program\pelatihan_atlet\app\Views\pages\dashboard\detail-program-latihan.php(120): require()
#2 C:\Users\lanas\OneDrive\Documents\Skripsi\jasa\galuh\program\pelatihan_atlet\vendor\codeigniter4\framework\system\View\View.php(230): include('C:\\Users\\lanas\\...')
#3 C:\Users\lanas\OneDrive\Documents\Skripsi\jasa\galuh\program\pelatihan_atlet\vendor\codeigniter4\framework\system\View\View.php(232): CodeIgniter\View\View->CodeIgniter\View\{closure}()
#4 C:\Users\lanas\OneDrive\Documents\Skripsi\jasa\galuh\program\pelatihan_atlet\vendor\codeigniter4\framework\system\Common.php(1271): CodeIgniter\View\View->render('pages/dashboard...', Array, true)
#5 C:\Users\lanas\OneDrive\Documents\Skripsi\jasa\galuh\program\pelatihan_atlet\app\Controllers\ProgramLatihan.php(201): view('pages/dashboard...', Array)
#6 C:\Users\lanas\OneDrive\Documents\Skripsi\jasa\galuh\program\pelatihan_atlet\vendor\codeigniter4\framework\system\CodeIgniter.php(928): App\Controllers\ProgramLatihan->detail('4')
#7 C:\Users\lanas\OneDrive\Documents\Skripsi\jasa\galuh\program\pelatihan_atlet\vendor\codeigniter4\framework\system\CodeIgniter.php(436): CodeIgniter\CodeIgniter->runController(Object(App\Controllers\ProgramLatihan))
#8 C:\Users\lanas\OneDrive\Documents\Skripsi\jasa\galuh\program\pelatihan_atlet\vendor\codeigniter4\framework\system\CodeIgniter.php(336): CodeIgniter\CodeIgniter->handleRequest(NULL, Object(Config\Cache), false)
#9 C:\Users\lanas\OneDrive\Documents\Skripsi\jasa\galuh\program\pelatihan_atlet\public\index.php(37): CodeIgniter\CodeIgniter->run()
#10 C:\Users\lanas\OneDrive\Documents\Skripsi\jasa\galuh\program\pelatihan_atlet\vendor\codeigniter4\framework\system\Commands\Server\rewrite.php(45): require_once('C:\\Users\\lanas\\...')
#11 {main}
CRITICAL - 2021-08-28 14:18:18 --> Required parameter $currentfont follows optional parameter $isunicode
#0 C:\Users\lanas\OneDrive\Documents\Skripsi\jasa\galuh\program\pelatihan_atlet\app\Views\pages\dashboard\html2pdf_v5.2-master\vendor\tecnickcom\tcpdf\tcpdf.php(115): CodeIgniter\Debug\Exceptions->errorHandler(8192, 'Required parame...', 'C:\\Users\\lanas\\...', 1998)
#1 C:\Users\lanas\OneDrive\Documents\Skripsi\jasa\galuh\program\pelatihan_atlet\app\Views\pages\dashboard\html2pdf_v5.2-master\vendor\tecnickcom\tcpdf\tcpdf.php(115): require_once()
#2 C:\Users\lanas\OneDrive\Documents\Skripsi\jasa\galuh\program\pelatihan_atlet\vendor\composer\ClassLoader.php(478): include('C:\\Users\\lanas\\...')
#3 C:\Users\lanas\OneDrive\Documents\Skripsi\jasa\galuh\program\pelatihan_atlet\vendor\composer\ClassLoader.php(346): Composer\Autoload\includeFile('C:\\Users\\lanas\\...')
#4 C:\Users\lanas\OneDrive\Documents\Skripsi\jasa\galuh\program\pelatihan_atlet\app\Views\pages\dashboard\html2pdf_v5.2-master\vendor\spipu\html2pdf\src\MyPdf.php(17): Composer\Autoload\ClassLoader->loadClass('TCPDF')
#5 C:\Users\lanas\OneDrive\Documents\Skripsi\jasa\galuh\program\pelatihan_atlet\vendor\composer\ClassLoader.php(478): include('C:\\Users\\lanas\\...')
#6 C:\Users\lanas\OneDrive\Documents\Skripsi\jasa\galuh\program\pelatihan_atlet\vendor\composer\ClassLoader.php(346): Composer\Autoload\includeFile('C:\\Users\\lanas\\...')
#7 C:\Users\lanas\OneDrive\Documents\Skripsi\jasa\galuh\program\pelatihan_atlet\app\Views\pages\dashboard\html2pdf_v5.2-master\vendor\spipu\html2pdf\src\Html2Pdf.php(198): Composer\Autoload\ClassLoader->loadClass('Spipu\\Html2Pdf\\...')
#8 C:\Users\lanas\OneDrive\Documents\Skripsi\jasa\galuh\program\pelatihan_atlet\app\Views\pages\dashboard\detail-program-latihan.php(124): Spipu\Html2Pdf\Html2Pdf->__construct()
#9 C:\Users\lanas\OneDrive\Documents\Skripsi\jasa\galuh\program\pelatihan_atlet\vendor\codeigniter4\framework\system\View\View.php(230): include('C:\\Users\\lanas\\...')
#10 C:\Users\lanas\OneDrive\Documents\Skripsi\jasa\galuh\program\pelatihan_atlet\vendor\codeigniter4\framework\system\View\View.php(232): CodeIgniter\View\View->CodeIgniter\View\{closure}()
#11 C:\Users\lanas\OneDrive\Documents\Skripsi\jasa\galuh\program\pelatihan_atlet\vendor\codeigniter4\framework\system\Common.php(1271): CodeIgniter\View\View->render('pages/dashboard...', Array, true)
#12 C:\Users\lanas\OneDrive\Documents\Skripsi\jasa\galuh\program\pelatihan_atlet\app\Controllers\ProgramLatihan.php(201): view('pages/dashboard...', Array)
#13 C:\Users\lanas\OneDrive\Documents\Skripsi\jasa\galuh\program\pelatihan_atlet\vendor\codeigniter4\framework\system\CodeIgniter.php(928): App\Controllers\ProgramLatihan->detail('4')
#14 C:\Users\lanas\OneDrive\Documents\Skripsi\jasa\galuh\program\pelatihan_atlet\vendor\codeigniter4\framework\system\CodeIgniter.php(436): CodeIgniter\CodeIgniter->runController(Object(App\Controllers\ProgramLatihan))
#15 C:\Users\lanas\OneDrive\Documents\Skripsi\jasa\galuh\program\pelatihan_atlet\vendor\codeigniter4\framework\system\CodeIgniter.php(336): CodeIgniter\CodeIgniter->handleRequest(NULL, Object(Config\Cache), false)
#16 C:\Users\lanas\OneDrive\Documents\Skripsi\jasa\galuh\program\pelatihan_atlet\public\index.php(37): CodeIgniter\CodeIgniter->run()
#17 C:\Users\lanas\OneDrive\Documents\Skripsi\jasa\galuh\program\pelatihan_atlet\vendor\codeigniter4\framework\system\Commands\Server\rewrite.php(45): require_once('C:\\Users\\lanas\\...')
#18 {main}
CRITICAL - 2021-08-28 14:18:30 --> Required parameter $currentfont follows optional parameter $isunicode
#0 C:\Users\lanas\OneDrive\Documents\Skripsi\jasa\galuh\program\pelatihan_atlet\app\Views\pages\dashboard\html2pdf_v5.2-master\vendor\tecnickcom\tcpdf\tcpdf.php(115): CodeIgniter\Debug\Exceptions->errorHandler(8192, 'Required parame...', 'C:\\Users\\lanas\\...', 1998)
#1 C:\Users\lanas\OneDrive\Documents\Skripsi\jasa\galuh\program\pelatihan_atlet\app\Views\pages\dashboard\html2pdf_v5.2-master\vendor\tecnickcom\tcpdf\tcpdf.php(115): require_once()
#2 C:\Users\lanas\OneDrive\Documents\Skripsi\jasa\galuh\program\pelatihan_atlet\vendor\composer\ClassLoader.php(478): include('C:\\Users\\lanas\\...')
#3 C:\Users\lanas\OneDrive\Documents\Skripsi\jasa\galuh\program\pelatihan_atlet\vendor\composer\ClassLoader.php(346): Composer\Autoload\includeFile('C:\\Users\\lanas\\...')
#4 C:\Users\lanas\OneDrive\Documents\Skripsi\jasa\galuh\program\pelatihan_atlet\app\Views\pages\dashboard\html2pdf_v5.2-master\vendor\spipu\html2pdf\src\MyPdf.php(17): Composer\Autoload\ClassLoader->loadClass('TCPDF')
#5 C:\Users\lanas\OneDrive\Documents\Skripsi\jasa\galuh\program\pelatihan_atlet\vendor\composer\ClassLoader.php(478): include('C:\\Users\\lanas\\...')
#6 C:\Users\lanas\OneDrive\Documents\Skripsi\jasa\galuh\program\pelatihan_atlet\vendor\composer\ClassLoader.php(346): Composer\Autoload\includeFile('C:\\Users\\lanas\\...')
#7 C:\Users\lanas\OneDrive\Documents\Skripsi\jasa\galuh\program\pelatihan_atlet\app\Views\pages\dashboard\html2pdf_v5.2-master\vendor\spipu\html2pdf\src\Html2Pdf.php(198): Composer\Autoload\ClassLoader->loadClass('Spipu\\Html2Pdf\\...')
#8 C:\Users\lanas\OneDrive\Documents\Skripsi\jasa\galuh\program\pelatihan_atlet\app\Views\pages\dashboard\detail-program-latihan.php(124): Spipu\Html2Pdf\Html2Pdf->__construct()
#9 C:\Users\lanas\OneDrive\Documents\Skripsi\jasa\galuh\program\pelatihan_atlet\vendor\codeigniter4\framework\system\View\View.php(230): include('C:\\Users\\lanas\\...')
#10 C:\Users\lanas\OneDrive\Documents\Skripsi\jasa\galuh\program\pelatihan_atlet\vendor\codeigniter4\framework\system\View\View.php(232): CodeIgniter\View\View->CodeIgniter\View\{closure}()
#11 C:\Users\lanas\OneDrive\Documents\Skripsi\jasa\galuh\program\pelatihan_atlet\vendor\codeigniter4\framework\system\Common.php(1271): CodeIgniter\View\View->render('pages/dashboard...', Array, true)
#12 C:\Users\lanas\OneDrive\Documents\Skripsi\jasa\galuh\program\pelatihan_atlet\app\Controllers\ProgramLatihan.php(201): view('pages/dashboard...', Array)
#13 C:\Users\lanas\OneDrive\Documents\Skripsi\jasa\galuh\program\pelatihan_atlet\vendor\codeigniter4\framework\system\CodeIgniter.php(928): App\Controllers\ProgramLatihan->detail('4')
#14 C:\Users\lanas\OneDrive\Documents\Skripsi\jasa\galuh\program\pelatihan_atlet\vendor\codeigniter4\framework\system\CodeIgniter.php(436): CodeIgniter\CodeIgniter->runController(Object(App\Controllers\ProgramLatihan))
#15 C:\Users\lanas\OneDrive\Documents\Skripsi\jasa\galuh\program\pelatihan_atlet\vendor\codeigniter4\framework\system\CodeIgniter.php(336): CodeIgniter\CodeIgniter->handleRequest(NULL, Object(Config\Cache), false)
#16 C:\Users\lanas\OneDrive\Documents\Skripsi\jasa\galuh\program\pelatihan_atlet\public\index.php(37): CodeIgniter\CodeIgniter->run()
#17 C:\Users\lanas\OneDrive\Documents\Skripsi\jasa\galuh\program\pelatihan_atlet\vendor\codeigniter4\framework\system\Commands\Server\rewrite.php(45): require_once('C:\\Users\\lanas\\...')
#18 {main}
CRITICAL - 2021-08-28 14:22:14 --> Required parameter $currentfont follows optional parameter $isunicode
#0 C:\Users\lanas\OneDrive\Documents\Skripsi\jasa\galuh\program\pelatihan_atlet\app\Views\pages\dashboard\html2pdf_v5.2-master\vendor\tecnickcom\tcpdf\tcpdf.php(115): CodeIgniter\Debug\Exceptions->errorHandler(8192, 'Required parame...', 'C:\\Users\\lanas\\...', 1998)
#1 C:\Users\lanas\OneDrive\Documents\Skripsi\jasa\galuh\program\pelatihan_atlet\app\Views\pages\dashboard\html2pdf_v5.2-master\vendor\tecnickcom\tcpdf\tcpdf.php(115): require_once()
#2 C:\Users\lanas\OneDrive\Documents\Skripsi\jasa\galuh\program\pelatihan_atlet\vendor\composer\ClassLoader.php(478): include('C:\\Users\\lanas\\...')
#3 C:\Users\lanas\OneDrive\Documents\Skripsi\jasa\galuh\program\pelatihan_atlet\vendor\composer\ClassLoader.php(346): Composer\Autoload\includeFile('C:\\Users\\lanas\\...')
#4 C:\Users\lanas\OneDrive\Documents\Skripsi\jasa\galuh\program\pelatihan_atlet\app\Views\pages\dashboard\html2pdf_v5.2-master\vendor\spipu\html2pdf\src\MyPdf.php(17): Composer\Autoload\ClassLoader->loadClass('TCPDF')
#5 C:\Users\lanas\OneDrive\Documents\Skripsi\jasa\galuh\program\pelatihan_atlet\vendor\composer\ClassLoader.php(478): include('C:\\Users\\lanas\\...')
#6 C:\Users\lanas\OneDrive\Documents\Skripsi\jasa\galuh\program\pelatihan_atlet\vendor\composer\ClassLoader.php(346): Composer\Autoload\includeFile('C:\\Users\\lanas\\...')
#7 C:\Users\lanas\OneDrive\Documents\Skripsi\jasa\galuh\program\pelatihan_atlet\app\Views\pages\dashboard\html2pdf_v5.2-master\vendor\spipu\html2pdf\src\Html2Pdf.php(198): Composer\Autoload\ClassLoader->loadClass('Spipu\\Html2Pdf\\...')
#8 C:\Users\lanas\OneDrive\Documents\Skripsi\jasa\galuh\program\pelatihan_atlet\app\Views\pages\dashboard\detail-program-latihan.php(124): Spipu\Html2Pdf\Html2Pdf->__construct()
#9 C:\Users\lanas\OneDrive\Documents\Skripsi\jasa\galuh\program\pelatihan_atlet\vendor\codeigniter4\framework\system\View\View.php(230): include('C:\\Users\\lanas\\...')
#10 C:\Users\lanas\OneDrive\Documents\Skripsi\jasa\galuh\program\pelatihan_atlet\vendor\codeigniter4\framework\system\View\View.php(232): CodeIgniter\View\View->CodeIgniter\View\{closure}()
#11 C:\Users\lanas\OneDrive\Documents\Skripsi\jasa\galuh\program\pelatihan_atlet\vendor\codeigniter4\framework\system\Common.php(1271): CodeIgniter\View\View->render('pages/dashboard...', Array, true)
#12 C:\Users\lanas\OneDrive\Documents\Skripsi\jasa\galuh\program\pelatihan_atlet\app\Controllers\ProgramLatihan.php(201): view('pages/dashboard...', Array)
#13 C:\Users\lanas\OneDrive\Documents\Skripsi\jasa\galuh\program\pelatihan_atlet\vendor\codeigniter4\framework\system\CodeIgniter.php(928): App\Controllers\ProgramLatihan->detail('4')
#14 C:\Users\lanas\OneDrive\Documents\Skripsi\jasa\galuh\program\pelatihan_atlet\vendor\codeigniter4\framework\system\CodeIgniter.php(436): CodeIgniter\CodeIgniter->runController(Object(App\Controllers\ProgramLatihan))
#15 C:\Users\lanas\OneDrive\Documents\Skripsi\jasa\galuh\program\pelatihan_atlet\vendor\codeigniter4\framework\system\CodeIgniter.php(336): CodeIgniter\CodeIgniter->handleRequest(NULL, Object(Config\Cache), false)
#16 C:\Users\lanas\OneDrive\Documents\Skripsi\jasa\galuh\program\pelatihan_atlet\public\index.php(37): CodeIgniter\CodeIgniter->run()
#17 C:\Users\lanas\OneDrive\Documents\Skripsi\jasa\galuh\program\pelatihan_atlet\vendor\codeigniter4\framework\system\Commands\Server\rewrite.php(45): require_once('C:\\Users\\lanas\\...')
#18 {main}
CRITICAL - 2021-08-28 15:02:53 --> Undefined array key "id_user"
#0 C:\Users\lanas\OneDrive\Documents\Skripsi\jasa\galuh\program\pelatihan_atlet\app\Views\pages\dashboard\program-latihan.php(61): CodeIgniter\Debug\Exceptions->errorHandler(2, 'Undefined array...', 'C:\\Users\\lanas\\...', 61)
#1 C:\Users\lanas\OneDrive\Documents\Skripsi\jasa\galuh\program\pelatihan_atlet\vendor\codeigniter4\framework\system\View\View.php(230): include('C:\\Users\\lanas\\...')
#2 C:\Users\lanas\OneDrive\Documents\Skripsi\jasa\galuh\program\pelatihan_atlet\vendor\codeigniter4\framework\system\View\View.php(232): CodeIgniter\View\View->CodeIgniter\View\{closure}()
#3 C:\Users\lanas\OneDrive\Documents\Skripsi\jasa\galuh\program\pelatihan_atlet\vendor\codeigniter4\framework\system\Common.php(1271): CodeIgniter\View\View->render('pages/dashboard...', Array, true)
#4 C:\Users\lanas\OneDrive\Documents\Skripsi\jasa\galuh\program\pelatihan_atlet\app\Controllers\ProgramLatihan.php(25): view('pages/dashboard...', Array)
#5 C:\Users\lanas\OneDrive\Documents\Skripsi\jasa\galuh\program\pelatihan_atlet\vendor\codeigniter4\framework\system\CodeIgniter.php(928): App\Controllers\ProgramLatihan->index()
#6 C:\Users\lanas\OneDrive\Documents\Skripsi\jasa\galuh\program\pelatihan_atlet\vendor\codeigniter4\framework\system\CodeIgniter.php(436): CodeIgniter\CodeIgniter->runController(Object(App\Controllers\ProgramLatihan))
#7 C:\Users\lanas\OneDrive\Documents\Skripsi\jasa\galuh\program\pelatihan_atlet\vendor\codeigniter4\framework\system\CodeIgniter.php(336): CodeIgniter\CodeIgniter->handleRequest(NULL, Object(Config\Cache), false)
#8 C:\Users\lanas\OneDrive\Documents\Skripsi\jasa\galuh\program\pelatihan_atlet\public\index.php(37): CodeIgniter\CodeIgniter->run()
#9 C:\Users\lanas\OneDrive\Documents\Skripsi\jasa\galuh\program\pelatihan_atlet\vendor\codeigniter4\framework\system\Commands\Server\rewrite.php(45): require_once('C:\\Users\\lanas\\...')
#10 {main}
CRITICAL - 2021-08-28 15:19:35 --> Array to string conversion
#0 C:\Users\lanas\OneDrive\Documents\Skripsi\jasa\galuh\program\pelatihan_atlet\app\Views\pages\dashboard\dashboard.php(61): CodeIgniter\Debug\Exceptions->errorHandler(2, 'Array to string...', 'C:\\Users\\lanas\\...', 61)
#1 C:\Users\lanas\OneDrive\Documents\Skripsi\jasa\galuh\program\pelatihan_atlet\vendor\codeigniter4\framework\system\View\View.php(230): include('C:\\Users\\lanas\\...')
#2 C:\Users\lanas\OneDrive\Documents\Skripsi\jasa\galuh\program\pelatihan_atlet\vendor\codeigniter4\framework\system\View\View.php(232): CodeIgniter\View\View->CodeIgniter\View\{closure}()
#3 C:\Users\lanas\OneDrive\Documents\Skripsi\jasa\galuh\program\pelatihan_atlet\vendor\codeigniter4\framework\system\Common.php(1271): CodeIgniter\View\View->render('pages/dashboard...', Array, true)
#4 C:\Users\lanas\OneDrive\Documents\Skripsi\jasa\galuh\program\pelatihan_atlet\app\Controllers\Home.php(22): view('pages/dashboard...', Array)
#5 C:\Users\lanas\OneDrive\Documents\Skripsi\jasa\galuh\program\pelatihan_atlet\vendor\codeigniter4\framework\system\CodeIgniter.php(928): App\Controllers\Home->index()
#6 C:\Users\lanas\OneDrive\Documents\Skripsi\jasa\galuh\program\pelatihan_atlet\vendor\codeigniter4\framework\system\CodeIgniter.php(436): CodeIgniter\CodeIgniter->runController(Object(App\Controllers\Home))
#7 C:\Users\lanas\OneDrive\Documents\Skripsi\jasa\galuh\program\pelatihan_atlet\vendor\codeigniter4\framework\system\CodeIgniter.php(336): CodeIgniter\CodeIgniter->handleRequest(NULL, Object(Config\Cache), false)
#8 C:\Users\lanas\OneDrive\Documents\Skripsi\jasa\galuh\program\pelatihan_atlet\public\index.php(37): CodeIgniter\CodeIgniter->run()
#9 C:\Users\lanas\OneDrive\Documents\Skripsi\jasa\galuh\program\pelatihan_atlet\vendor\codeigniter4\framework\system\Commands\Server\rewrite.php(45): require_once('C:\\Users\\lanas\\...')
#10 {main}
CRITICAL - 2021-08-28 15:20:08 --> Array to string conversion
#0 C:\Users\lanas\OneDrive\Documents\Skripsi\jasa\galuh\program\pelatihan_atlet\app\Views\pages\dashboard\dashboard.php(61): CodeIgniter\Debug\Exceptions->errorHandler(2, 'Array to string...', 'C:\\Users\\lanas\\...', 61)
#1 C:\Users\lanas\OneDrive\Documents\Skripsi\jasa\galuh\program\pelatihan_atlet\vendor\codeigniter4\framework\system\View\View.php(230): include('C:\\Users\\lanas\\...')
#2 C:\Users\lanas\OneDrive\Documents\Skripsi\jasa\galuh\program\pelatihan_atlet\vendor\codeigniter4\framework\system\View\View.php(232): CodeIgniter\View\View->CodeIgniter\View\{closure}()
#3 C:\Users\lanas\OneDrive\Documents\Skripsi\jasa\galuh\program\pelatihan_atlet\vendor\codeigniter4\framework\system\Common.php(1271): CodeIgniter\View\View->render('pages/dashboard...', Array, true)
#4 C:\Users\lanas\OneDrive\Documents\Skripsi\jasa\galuh\program\pelatihan_atlet\app\Controllers\Home.php(22): view('pages/dashboard...', Array)
#5 C:\Users\lanas\OneDrive\Documents\Skripsi\jasa\galuh\program\pelatihan_atlet\vendor\codeigniter4\framework\system\CodeIgniter.php(928): App\Controllers\Home->index()
#6 C:\Users\lanas\OneDrive\Documents\Skripsi\jasa\galuh\program\pelatihan_atlet\vendor\codeigniter4\framework\system\CodeIgniter.php(436): CodeIgniter\CodeIgniter->runController(Object(App\Controllers\Home))
#7 C:\Users\lanas\OneDrive\Documents\Skripsi\jasa\galuh\program\pelatihan_atlet\vendor\codeigniter4\framework\system\CodeIgniter.php(336): CodeIgniter\CodeIgniter->handleRequest(NULL, Object(Config\Cache), false)
#8 C:\Users\lanas\OneDrive\Documents\Skripsi\jasa\galuh\program\pelatihan_atlet\public\index.php(37): CodeIgniter\CodeIgniter->run()
#9 C:\Users\lanas\OneDrive\Documents\Skripsi\jasa\galuh\program\pelatihan_atlet\vendor\codeigniter4\framework\system\Commands\Server\rewrite.php(45): require_once('C:\\Users\\lanas\\...')
#10 {main}
CRITICAL - 2021-08-28 15:22:09 --> Array to string conversion
#0 C:\Users\lanas\OneDrive\Documents\Skripsi\jasa\galuh\program\pelatihan_atlet\app\Views\pages\dashboard\dashboard.php(61): CodeIgniter\Debug\Exceptions->errorHandler(2, 'Array to string...', 'C:\\Users\\lanas\\...', 61)
#1 C:\Users\lanas\OneDrive\Documents\Skripsi\jasa\galuh\program\pelatihan_atlet\vendor\codeigniter4\framework\system\View\View.php(230): include('C:\\Users\\lanas\\...')
#2 C:\Users\lanas\OneDrive\Documents\Skripsi\jasa\galuh\program\pelatihan_atlet\vendor\codeigniter4\framework\system\View\View.php(232): CodeIgniter\View\View->CodeIgniter\View\{closure}()
#3 C:\Users\lanas\OneDrive\Documents\Skripsi\jasa\galuh\program\pelatihan_atlet\vendor\codeigniter4\framework\system\Common.php(1271): CodeIgniter\View\View->render('pages/dashboard...', Array, true)
#4 C:\Users\lanas\OneDrive\Documents\Skripsi\jasa\galuh\program\pelatihan_atlet\app\Controllers\Home.php(22): view('pages/dashboard...', Array)
#5 C:\Users\lanas\OneDrive\Documents\Skripsi\jasa\galuh\program\pelatihan_atlet\vendor\codeigniter4\framework\system\CodeIgniter.php(928): App\Controllers\Home->index()
#6 C:\Users\lanas\OneDrive\Documents\Skripsi\jasa\galuh\program\pelatihan_atlet\vendor\codeigniter4\framework\system\CodeIgniter.php(436): CodeIgniter\CodeIgniter->runController(Object(App\Controllers\Home))
#7 C:\Users\lanas\OneDrive\Documents\Skripsi\jasa\galuh\program\pelatihan_atlet\vendor\codeigniter4\framework\system\CodeIgniter.php(336): CodeIgniter\CodeIgniter->handleRequest(NULL, Object(Config\Cache), false)
#8 C:\Users\lanas\OneDrive\Documents\Skripsi\jasa\galuh\program\pelatihan_atlet\public\index.php(37): CodeIgniter\CodeIgniter->run()
#9 C:\Users\lanas\OneDrive\Documents\Skripsi\jasa\galuh\program\pelatihan_atlet\vendor\codeigniter4\framework\system\Commands\Server\rewrite.php(45): require_once('C:\\Users\\lanas\\...')
#10 {main}
ERROR - 2021-08-28 15:24:28 --> Unknown column 'id_cabor' in 'where clause'
CRITICAL - 2021-08-28 15:24:28 --> Unknown column 'id_cabor' in 'where clause'
#0 C:\Users\lanas\OneDrive\Documents\Skripsi\jasa\galuh\program\pelatihan_atlet\vendor\codeigniter4\framework\system\Database\MySQLi\Connection.php(329): mysqli->query('SELECT COUNT(*)...')
#1 C:\Users\lanas\OneDrive\Documents\Skripsi\jasa\galuh\program\pelatihan_atlet\vendor\codeigniter4\framework\system\Database\BaseConnection.php(732): CodeIgniter\Database\MySQLi\Connection->execute('SELECT COUNT(*)...')
#2 C:\Users\lanas\OneDrive\Documents\Skripsi\jasa\galuh\program\pelatihan_atlet\vendor\codeigniter4\framework\system\Database\BaseConnection.php(647): CodeIgniter\Database\BaseConnection->simpleQuery('SELECT COUNT(*)...')
#3 C:\Users\lanas\OneDrive\Documents\Skripsi\jasa\galuh\program\pelatihan_atlet\vendor\codeigniter4\framework\system\Database\BaseBuilder.php(1981): CodeIgniter\Database\BaseConnection->query('SELECT COUNT(*)...', Array, false)
#4 C:\Users\lanas\OneDrive\Documents\Skripsi\jasa\galuh\program\pelatihan_atlet\vendor\codeigniter4\framework\system\Model.php(561): CodeIgniter\Database\BaseBuilder->countAllResults(true)
#5 C:\Users\lanas\OneDrive\Documents\Skripsi\jasa\galuh\program\pelatihan_atlet\app\Controllers\Home.php(20): CodeIgniter\Model->countAllResults()
#6 C:\Users\lanas\OneDrive\Documents\Skripsi\jasa\galuh\program\pelatihan_atlet\vendor\codeigniter4\framework\system\CodeIgniter.php(928): App\Controllers\Home->index()
#7 C:\Users\lanas\OneDrive\Documents\Skripsi\jasa\galuh\program\pelatihan_atlet\vendor\codeigniter4\framework\system\CodeIgniter.php(436): CodeIgniter\CodeIgniter->runController(Object(App\Controllers\Home))
#8 C:\Users\lanas\OneDrive\Documents\Skripsi\jasa\galuh\program\pelatihan_atlet\vendor\codeigniter4\framework\system\CodeIgniter.php(336): CodeIgniter\CodeIgniter->handleRequest(NULL, Object(Config\Cache), false)
#9 C:\Users\lanas\OneDrive\Documents\Skripsi\jasa\galuh\program\pelatihan_atlet\public\index.php(37): CodeIgniter\CodeIgniter->run()
#10 C:\Users\lanas\OneDrive\Documents\Skripsi\jasa\galuh\program\pelatihan_atlet\vendor\codeigniter4\framework\system\Commands\Server\rewrite.php(45): require_once('C:\\Users\\lanas\\...')
#11 {main}
ERROR - 2021-08-28 15:24:40 --> Unknown column 'id_cabor' in 'where clause'
CRITICAL - 2021-08-28 15:24:40 --> Unknown column 'id_cabor' in 'where clause'
#0 C:\Users\lanas\OneDrive\Documents\Skripsi\jasa\galuh\program\pelatihan_atlet\vendor\codeigniter4\framework\system\Database\MySQLi\Connection.php(329): mysqli->query('SELECT COUNT(*)...')
#1 C:\Users\lanas\OneDrive\Documents\Skripsi\jasa\galuh\program\pelatihan_atlet\vendor\codeigniter4\framework\system\Database\BaseConnection.php(732): CodeIgniter\Database\MySQLi\Connection->execute('SELECT COUNT(*)...')
#2 C:\Users\lanas\OneDrive\Documents\Skripsi\jasa\galuh\program\pelatihan_atlet\vendor\codeigniter4\framework\system\Database\BaseConnection.php(647): CodeIgniter\Database\BaseConnection->simpleQuery('SELECT COUNT(*)...')
#3 C:\Users\lanas\OneDrive\Documents\Skripsi\jasa\galuh\program\pelatihan_atlet\vendor\codeigniter4\framework\system\Database\BaseBuilder.php(1981): CodeIgniter\Database\BaseConnection->query('SELECT COUNT(*)...', Array, false)
#4 C:\Users\lanas\OneDrive\Documents\Skripsi\jasa\galuh\program\pelatihan_atlet\vendor\codeigniter4\framework\system\Model.php(561): CodeIgniter\Database\BaseBuilder->countAllResults(true)
#5 C:\Users\lanas\OneDrive\Documents\Skripsi\jasa\galuh\program\pelatihan_atlet\app\Controllers\Home.php(20): CodeIgniter\Model->countAllResults()
#6 C:\Users\lanas\OneDrive\Documents\Skripsi\jasa\galuh\program\pelatihan_atlet\vendor\codeigniter4\framework\system\CodeIgniter.php(928): App\Controllers\Home->index()
#7 C:\Users\lanas\OneDrive\Documents\Skripsi\jasa\galuh\program\pelatihan_atlet\vendor\codeigniter4\framework\system\CodeIgniter.php(436): CodeIgniter\CodeIgniter->runController(Object(App\Controllers\Home))
#8 C:\Users\lanas\OneDrive\Documents\Skripsi\jasa\galuh\program\pelatihan_atlet\vendor\codeigniter4\framework\system\CodeIgniter.php(336): CodeIgniter\CodeIgniter->handleRequest(NULL, Object(Config\Cache), false)
#9 C:\Users\lanas\OneDrive\Documents\Skripsi\jasa\galuh\program\pelatihan_atlet\public\index.php(37): CodeIgniter\CodeIgniter->run()
#10 C:\Users\lanas\OneDrive\Documents\Skripsi\jasa\galuh\program\pelatihan_atlet\vendor\codeigniter4\framework\system\Commands\Server\rewrite.php(45): require_once('C:\\Users\\lanas\\...')
#11 {main}
ERROR - 2021-08-28 15:24:43 --> Unknown column 'id_cabor' in 'where clause'
CRITICAL - 2021-08-28 15:24:43 --> Unknown column 'id_cabor' in 'where clause'
#0 C:\Users\lanas\OneDrive\Documents\Skripsi\jasa\galuh\program\pelatihan_atlet\vendor\codeigniter4\framework\system\Database\MySQLi\Connection.php(329): mysqli->query('SELECT COUNT(*)...')
#1 C:\Users\lanas\OneDrive\Documents\Skripsi\jasa\galuh\program\pelatihan_atlet\vendor\codeigniter4\framework\system\Database\BaseConnection.php(732): CodeIgniter\Database\MySQLi\Connection->execute('SELECT COUNT(*)...')
#2 C:\Users\lanas\OneDrive\Documents\Skripsi\jasa\galuh\program\pelatihan_atlet\vendor\codeigniter4\framework\system\Database\BaseConnection.php(647): CodeIgniter\Database\BaseConnection->simpleQuery('SELECT COUNT(*)...')
#3 C:\Users\lanas\OneDrive\Documents\Skripsi\jasa\galuh\program\pelatihan_atlet\vendor\codeigniter4\framework\system\Database\BaseBuilder.php(1981): CodeIgniter\Database\BaseConnection->query('SELECT COUNT(*)...', Array, false)
#4 C:\Users\lanas\OneDrive\Documents\Skripsi\jasa\galuh\program\pelatihan_atlet\vendor\codeigniter4\framework\system\Model.php(561): CodeIgniter\Database\BaseBuilder->countAllResults(true)
#5 C:\Users\lanas\OneDrive\Documents\Skripsi\jasa\galuh\program\pelatihan_atlet\app\Controllers\Home.php(20): CodeIgniter\Model->countAllResults()
#6 C:\Users\lanas\OneDrive\Documents\Skripsi\jasa\galuh\program\pelatihan_atlet\vendor\codeigniter4\framework\system\CodeIgniter.php(928): App\Controllers\Home->index()
#7 C:\Users\lanas\OneDrive\Documents\Skripsi\jasa\galuh\program\pelatihan_atlet\vendor\codeigniter4\framework\system\CodeIgniter.php(436): CodeIgniter\CodeIgniter->runController(Object(App\Controllers\Home))
#8 C:\Users\lanas\OneDrive\Documents\Skripsi\jasa\galuh\program\pelatihan_atlet\vendor\codeigniter4\framework\system\CodeIgniter.php(336): CodeIgniter\CodeIgniter->handleRequest(NULL, Object(Config\Cache), false)
#9 C:\Users\lanas\OneDrive\Documents\Skripsi\jasa\galuh\program\pelatihan_atlet\public\index.php(37): CodeIgniter\CodeIgniter->run()
#10 C:\Users\lanas\OneDrive\Documents\Skripsi\jasa\galuh\program\pelatihan_atlet\vendor\codeigniter4\framework\system\Commands\Server\rewrite.php(45): require_once('C:\\Users\\lanas\\...')
#11 {main}
ERROR - 2021-08-28 15:24:44 --> Unknown column 'id_cabor' in 'where clause'
CRITICAL - 2021-08-28 15:24:44 --> Unknown column 'id_cabor' in 'where clause'
#0 C:\Users\lanas\OneDrive\Documents\Skripsi\jasa\galuh\program\pelatihan_atlet\vendor\codeigniter4\framework\system\Database\MySQLi\Connection.php(329): mysqli->query('SELECT COUNT(*)...')
#1 C:\Users\lanas\OneDrive\Documents\Skripsi\jasa\galuh\program\pelatihan_atlet\vendor\codeigniter4\framework\system\Database\BaseConnection.php(732): CodeIgniter\Database\MySQLi\Connection->execute('SELECT COUNT(*)...')
#2 C:\Users\lanas\OneDrive\Documents\Skripsi\jasa\galuh\program\pelatihan_atlet\vendor\codeigniter4\framework\system\Database\BaseConnection.php(647): CodeIgniter\Database\BaseConnection->simpleQuery('SELECT COUNT(*)...')
#3 C:\Users\lanas\OneDrive\Documents\Skripsi\jasa\galuh\program\pelatihan_atlet\vendor\codeigniter4\framework\system\Database\BaseBuilder.php(1981): CodeIgniter\Database\BaseConnection->query('SELECT COUNT(*)...', Array, false)
#4 C:\Users\lanas\OneDrive\Documents\Skripsi\jasa\galuh\program\pelatihan_atlet\vendor\codeigniter4\framework\system\Model.php(561): CodeIgniter\Database\BaseBuilder->countAllResults(true)
#5 C:\Users\lanas\OneDrive\Documents\Skripsi\jasa\galuh\program\pelatihan_atlet\app\Controllers\Home.php(20): CodeIgniter\Model->countAllResults()
#6 C:\Users\lanas\OneDrive\Documents\Skripsi\jasa\galuh\program\pelatihan_atlet\vendor\codeigniter4\framework\system\CodeIgniter.php(928): App\Controllers\Home->index()
#7 C:\Users\lanas\OneDrive\Documents\Skripsi\jasa\galuh\program\pelatihan_atlet\vendor\codeigniter4\framework\system\CodeIgniter.php(436): CodeIgniter\CodeIgniter->runController(Object(App\Controllers\Home))
#8 C:\Users\lanas\OneDrive\Documents\Skripsi\jasa\galuh\program\pelatihan_atlet\vendor\codeigniter4\framework\system\CodeIgniter.php(336): CodeIgniter\CodeIgniter->handleRequest(NULL, Object(Config\Cache), false)
#9 C:\Users\lanas\OneDrive\Documents\Skripsi\jasa\galuh\program\pelatihan_atlet\public\index.php(37): CodeIgniter\CodeIgniter->run()
#10 C:\Users\lanas\OneDrive\Documents\Skripsi\jasa\galuh\program\pelatihan_atlet\vendor\codeigniter4\framework\system\Commands\Server\rewrite.php(45): require_once('C:\\Users\\lanas\\...')
#11 {main}
CRITICAL - 2021-08-28 15:41:33 --> Undefined variable $cabor
#0 C:\Users\lanas\OneDrive\Documents\Skripsi\jasa\galuh\program\pelatihan_atlet\app\Controllers\ProgramLatihan.php(28): CodeIgniter\Debug\Exceptions->errorHandler(2, 'Undefined varia...', 'C:\\Users\\lanas\\...', 28)
#1 C:\Users\lanas\OneDrive\Documents\Skripsi\jasa\galuh\program\pelatihan_atlet\vendor\codeigniter4\framework\system\CodeIgniter.php(928): App\Controllers\ProgramLatihan->index()
#2 C:\Users\lanas\OneDrive\Documents\Skripsi\jasa\galuh\program\pelatihan_atlet\vendor\codeigniter4\framework\system\CodeIgniter.php(436): CodeIgniter\CodeIgniter->runController(Object(App\Controllers\ProgramLatihan))
#3 C:\Users\lanas\OneDrive\Documents\Skripsi\jasa\galuh\program\pelatihan_atlet\vendor\codeigniter4\framework\system\CodeIgniter.php(336): CodeIgniter\CodeIgniter->handleRequest(NULL, Object(Config\Cache), false)
#4 C:\Users\lanas\OneDrive\Documents\Skripsi\jasa\galuh\program\pelatihan_atlet\public\index.php(37): CodeIgniter\CodeIgniter->run()
#5 C:\Users\lanas\OneDrive\Documents\Skripsi\jasa\galuh\program\pelatihan_atlet\vendor\codeigniter4\framework\system\Commands\Server\rewrite.php(45): require_once('C:\\Users\\lanas\\...')
#6 {main}
CRITICAL - 2021-08-28 15:48:58 --> Unclosed '{' on line 94
#0 C:\Users\lanas\OneDrive\Documents\Skripsi\jasa\galuh\program\pelatihan_atlet\vendor\codeigniter4\framework\system\View\View.php(232): CodeIgniter\View\View->CodeIgniter\View\{closure}()
#1 C:\Users\lanas\OneDrive\Documents\Skripsi\jasa\galuh\program\pelatihan_atlet\vendor\codeigniter4\framework\system\Common.php(1271): CodeIgniter\View\View->render('pages/dashboard...', Array, true)
#2 C:\Users\lanas\OneDrive\Documents\Skripsi\jasa\galuh\program\pelatihan_atlet\app\Controllers\Profil.php(24): view('pages/dashboard...', Array)
#3 C:\Users\lanas\OneDrive\Documents\Skripsi\jasa\galuh\program\pelatihan_atlet\vendor\codeigniter4\framework\system\CodeIgniter.php(928): App\Controllers\Profil->index()
#4 C:\Users\lanas\OneDrive\Documents\Skripsi\jasa\galuh\program\pelatihan_atlet\vendor\codeigniter4\framework\system\CodeIgniter.php(436): CodeIgniter\CodeIgniter->runController(Object(App\Controllers\Profil))
#5 C:\Users\lanas\OneDrive\Documents\Skripsi\jasa\galuh\program\pelatihan_atlet\vendor\codeigniter4\framework\system\CodeIgniter.php(336): CodeIgniter\CodeIgniter->handleRequest(NULL, Object(Config\Cache), false)
#6 C:\Users\lanas\OneDrive\Documents\Skripsi\jasa\galuh\program\pelatihan_atlet\public\index.php(37): CodeIgniter\CodeIgniter->run()
#7 C:\Users\lanas\OneDrive\Documents\Skripsi\jasa\galuh\program\pelatihan_atlet\vendor\codeigniter4\framework\system\Commands\Server\rewrite.php(45): require_once('C:\\Users\\lanas\\...')
#8 {main}
CRITICAL - 2021-08-28 16:48:37 --> Call to undefined function moment()
#0 C:\Users\lanas\OneDrive\Documents\Skripsi\jasa\galuh\program\pelatihan_atlet\vendor\codeigniter4\framework\system\View\View.php(230): include()
#1 C:\Users\lanas\OneDrive\Documents\Skripsi\jasa\galuh\program\pelatihan_atlet\vendor\codeigniter4\framework\system\View\View.php(232): CodeIgniter\View\View->CodeIgniter\View\{closure}()
#2 C:\Users\lanas\OneDrive\Documents\Skripsi\jasa\galuh\program\pelatihan_atlet\vendor\codeigniter4\framework\system\Common.php(1271): CodeIgniter\View\View->render('pages/dashboard...', Array, true)
#3 C:\Users\lanas\OneDrive\Documents\Skripsi\jasa\galuh\program\pelatihan_atlet\app\Controllers\Home.php(39): view('pages/dashboard...', Array)
#4 C:\Users\lanas\OneDrive\Documents\Skripsi\jasa\galuh\program\pelatihan_atlet\vendor\codeigniter4\framework\system\CodeIgniter.php(928): App\Controllers\Home->index()
#5 C:\Users\lanas\OneDrive\Documents\Skripsi\jasa\galuh\program\pelatihan_atlet\vendor\codeigniter4\framework\system\CodeIgniter.php(436): CodeIgniter\CodeIgniter->runController(Object(App\Controllers\Home))
#6 C:\Users\lanas\OneDrive\Documents\Skripsi\jasa\galuh\program\pelatihan_atlet\vendor\codeigniter4\framework\system\CodeIgniter.php(336): CodeIgniter\CodeIgniter->handleRequest(NULL, Object(Config\Cache), false)
#7 C:\Users\lanas\OneDrive\Documents\Skripsi\jasa\galuh\program\pelatihan_atlet\public\index.php(37): CodeIgniter\CodeIgniter->run()
#8 C:\Users\lanas\OneDrive\Documents\Skripsi\jasa\galuh\program\pelatihan_atlet\vendor\codeigniter4\framework\system\Commands\Server\rewrite.php(45): require_once('C:\\Users\\lanas\\...')
#9 {main}
CRITICAL - 2021-08-28 16:50:17 --> date_format(): Argument #1 ($object) must be of type DateTimeInterface, string given
#0 C:\Users\lanas\OneDrive\Documents\Skripsi\jasa\galuh\program\pelatihan_atlet\app\Views\pages\dashboard\dashboard.php(138): date_format('2021-08-29', 'd M Y')
#1 C:\Users\lanas\OneDrive\Documents\Skripsi\jasa\galuh\program\pelatihan_atlet\vendor\codeigniter4\framework\system\View\View.php(230): include('C:\\Users\\lanas\\...')
#2 C:\Users\lanas\OneDrive\Documents\Skripsi\jasa\galuh\program\pelatihan_atlet\vendor\codeigniter4\framework\system\View\View.php(232): CodeIgniter\View\View->CodeIgniter\View\{closure}()
#3 C:\Users\lanas\OneDrive\Documents\Skripsi\jasa\galuh\program\pelatihan_atlet\vendor\codeigniter4\framework\system\Common.php(1271): CodeIgniter\View\View->render('pages/dashboard...', Array, true)
#4 C:\Users\lanas\OneDrive\Documents\Skripsi\jasa\galuh\program\pelatihan_atlet\app\Controllers\Home.php(39): view('pages/dashboard...', Array)
#5 C:\Users\lanas\OneDrive\Documents\Skripsi\jasa\galuh\program\pelatihan_atlet\vendor\codeigniter4\framework\system\CodeIgniter.php(928): App\Controllers\Home->index()
#6 C:\Users\lanas\OneDrive\Documents\Skripsi\jasa\galuh\program\pelatihan_atlet\vendor\codeigniter4\framework\system\CodeIgniter.php(436): CodeIgniter\CodeIgniter->runController(Object(App\Controllers\Home))
#7 C:\Users\lanas\OneDrive\Documents\Skripsi\jasa\galuh\program\pelatihan_atlet\vendor\codeigniter4\framework\system\CodeIgniter.php(336): CodeIgniter\CodeIgniter->handleRequest(NULL, Object(Config\Cache), false)
#8 C:\Users\lanas\OneDrive\Documents\Skripsi\jasa\galuh\program\pelatihan_atlet\public\index.php(37): CodeIgniter\CodeIgniter->run()
#9 C:\Users\lanas\OneDrive\Documents\Skripsi\jasa\galuh\program\pelatihan_atlet\vendor\codeigniter4\framework\system\Commands\Server\rewrite.php(45): require_once('C:\\Users\\lanas\\...')
#10 {main}
CRITICAL - 2021-08-28 16:51:06 --> date(): Argument #2 ($timestamp) must be of type ?int, string given
#0 C:\Users\lanas\OneDrive\Documents\Skripsi\jasa\galuh\program\pelatihan_atlet\app\Views\pages\dashboard\dashboard.php(138): date('2021-08-29', 'd M Y')
#1 C:\Users\lanas\OneDrive\Documents\Skripsi\jasa\galuh\program\pelatihan_atlet\vendor\codeigniter4\framework\system\View\View.php(230): include('C:\\Users\\lanas\\...')
#2 C:\Users\lanas\OneDrive\Documents\Skripsi\jasa\galuh\program\pelatihan_atlet\vendor\codeigniter4\framework\system\View\View.php(232): CodeIgniter\View\View->CodeIgniter\View\{closure}()
#3 C:\Users\lanas\OneDrive\Documents\Skripsi\jasa\galuh\program\pelatihan_atlet\vendor\codeigniter4\framework\system\Common.php(1271): CodeIgniter\View\View->render('pages/dashboard...', Array, true)
#4 C:\Users\lanas\OneDrive\Documents\Skripsi\jasa\galuh\program\pelatihan_atlet\app\Controllers\Home.php(39): view('pages/dashboard...', Array)
#5 C:\Users\lanas\OneDrive\Documents\Skripsi\jasa\galuh\program\pelatihan_atlet\vendor\codeigniter4\framework\system\CodeIgniter.php(928): App\Controllers\Home->index()
#6 C:\Users\lanas\OneDrive\Documents\Skripsi\jasa\galuh\program\pelatihan_atlet\vendor\codeigniter4\framework\system\CodeIgniter.php(436): CodeIgniter\CodeIgniter->runController(Object(App\Controllers\Home))
#7 C:\Users\lanas\OneDrive\Documents\Skripsi\jasa\galuh\program\pelatihan_atlet\vendor\codeigniter4\framework\system\CodeIgniter.php(336): CodeIgniter\CodeIgniter->handleRequest(NULL, Object(Config\Cache), false)
#8 C:\Users\lanas\OneDrive\Documents\Skripsi\jasa\galuh\program\pelatihan_atlet\public\index.php(37): CodeIgniter\CodeIgniter->run()
#9 C:\Users\lanas\OneDrive\Documents\Skripsi\jasa\galuh\program\pelatihan_atlet\vendor\codeigniter4\framework\system\Commands\Server\rewrite.php(45): require_once('C:\\Users\\lanas\\...')
#10 {main}
CRITICAL - 2021-08-28 17:08:21 --> Trying to access array offset on value of type null
#0 C:\Users\lanas\OneDrive\Documents\Skripsi\jasa\galuh\program\pelatihan_atlet\app\Views\pages\dashboard\detail-atlet.php(70): CodeIgniter\Debug\Exceptions->errorHandler(2, 'Trying to acces...', 'C:\\Users\\lanas\\...', 70)
#1 C:\Users\lanas\OneDrive\Documents\Skripsi\jasa\galuh\program\pelatihan_atlet\vendor\codeigniter4\framework\system\View\View.php(230): include('C:\\Users\\lanas\\...')
#2 C:\Users\lanas\OneDrive\Documents\Skripsi\jasa\galuh\program\pelatihan_atlet\vendor\codeigniter4\framework\system\View\View.php(232): CodeIgniter\View\View->CodeIgniter\View\{closure}()
#3 C:\Users\lanas\OneDrive\Documents\Skripsi\jasa\galuh\program\pelatihan_atlet\vendor\codeigniter4\framework\system\Common.php(1271): CodeIgniter\View\View->render('pages/dashboard...', Array, true)
#4 C:\Users\lanas\OneDrive\Documents\Skripsi\jasa\galuh\program\pelatihan_atlet\app\Controllers\Atlet.php(118): view('pages/dashboard...', Array)
#5 C:\Users\lanas\OneDrive\Documents\Skripsi\jasa\galuh\program\pelatihan_atlet\vendor\codeigniter4\framework\system\CodeIgniter.php(928): App\Controllers\Atlet->detail('10')
#6 C:\Users\lanas\OneDrive\Documents\Skripsi\jasa\galuh\program\pelatihan_atlet\vendor\codeigniter4\framework\system\CodeIgniter.php(436): CodeIgniter\CodeIgniter->runController(Object(App\Controllers\Atlet))
#7 C:\Users\lanas\OneDrive\Documents\Skripsi\jasa\galuh\program\pelatihan_atlet\vendor\codeigniter4\framework\system\CodeIgniter.php(336): CodeIgniter\CodeIgniter->handleRequest(NULL, Object(Config\Cache), false)
#8 C:\Users\lanas\OneDrive\Documents\Skripsi\jasa\galuh\program\pelatihan_atlet\public\index.php(37): CodeIgniter\CodeIgniter->run()
#9 C:\Users\lanas\OneDrive\Documents\Skripsi\jasa\galuh\program\pelatihan_atlet\vendor\codeigniter4\framework\system\Commands\Server\rewrite.php(45): require_once('C:\\Users\\lanas\\...')
#10 {main}
CRITICAL - 2021-08-28 17:08:39 --> Trying to access array offset on value of type null
#0 C:\Users\lanas\OneDrive\Documents\Skripsi\jasa\galuh\program\pelatihan_atlet\app\Views\pages\dashboard\detail-atlet.php(70): CodeIgniter\Debug\Exceptions->errorHandler(2, 'Trying to acces...', 'C:\\Users\\lanas\\...', 70)
#1 C:\Users\lanas\OneDrive\Documents\Skripsi\jasa\galuh\program\pelatihan_atlet\vendor\codeigniter4\framework\system\View\View.php(230): include('C:\\Users\\lanas\\...')
#2 C:\Users\lanas\OneDrive\Documents\Skripsi\jasa\galuh\program\pelatihan_atlet\vendor\codeigniter4\framework\system\View\View.php(232): CodeIgniter\View\View->CodeIgniter\View\{closure}()
#3 C:\Users\lanas\OneDrive\Documents\Skripsi\jasa\galuh\program\pelatihan_atlet\vendor\codeigniter4\framework\system\Common.php(1271): CodeIgniter\View\View->render('pages/dashboard...', Array, true)
#4 C:\Users\lanas\OneDrive\Documents\Skripsi\jasa\galuh\program\pelatihan_atlet\app\Controllers\Atlet.php(118): view('pages/dashboard...', Array)
#5 C:\Users\lanas\OneDrive\Documents\Skripsi\jasa\galuh\program\pelatihan_atlet\vendor\codeigniter4\framework\system\CodeIgniter.php(928): App\Controllers\Atlet->detail('10')
#6 C:\Users\lanas\OneDrive\Documents\Skripsi\jasa\galuh\program\pelatihan_atlet\vendor\codeigniter4\framework\system\CodeIgniter.php(436): CodeIgniter\CodeIgniter->runController(Object(App\Controllers\Atlet))
#7 C:\Users\lanas\OneDrive\Documents\Skripsi\jasa\galuh\program\pelatihan_atlet\vendor\codeigniter4\framework\system\CodeIgniter.php(336): CodeIgniter\CodeIgniter->handleRequest(NULL, Object(Config\Cache), false)
#8 C:\Users\lanas\OneDrive\Documents\Skripsi\jasa\galuh\program\pelatihan_atlet\public\index.php(37): CodeIgniter\CodeIgniter->run()
#9 C:\Users\lanas\OneDrive\Documents\Skripsi\jasa\galuh\program\pelatihan_atlet\vendor\codeigniter4\framework\system\Commands\Server\rewrite.php(45): require_once('C:\\Users\\lanas\\...')
#10 {main}
CRITICAL - 2021-08-28 17:08:52 --> Trying to access array offset on value of type null
#0 C:\Users\lanas\OneDrive\Documents\Skripsi\jasa\galuh\program\pelatihan_atlet\app\Views\pages\dashboard\detail-atlet.php(70): CodeIgniter\Debug\Exceptions->errorHandler(2, 'Trying to acces...', 'C:\\Users\\lanas\\...', 70)
#1 C:\Users\lanas\OneDrive\Documents\Skripsi\jasa\galuh\program\pelatihan_atlet\vendor\codeigniter4\framework\system\View\View.php(230): include('C:\\Users\\lanas\\...')
#2 C:\Users\lanas\OneDrive\Documents\Skripsi\jasa\galuh\program\pelatihan_atlet\vendor\codeigniter4\framework\system\View\View.php(232): CodeIgniter\View\View->CodeIgniter\View\{closure}()
#3 C:\Users\lanas\OneDrive\Documents\Skripsi\jasa\galuh\program\pelatihan_atlet\vendor\codeigniter4\framework\system\Common.php(1271): CodeIgniter\View\View->render('pages/dashboard...', Array, true)
#4 C:\Users\lanas\OneDrive\Documents\Skripsi\jasa\galuh\program\pelatihan_atlet\app\Controllers\Atlet.php(118): view('pages/dashboard...', Array)
#5 C:\Users\lanas\OneDrive\Documents\Skripsi\jasa\galuh\program\pelatihan_atlet\vendor\codeigniter4\framework\system\CodeIgniter.php(928): App\Controllers\Atlet->detail('10')
#6 C:\Users\lanas\OneDrive\Documents\Skripsi\jasa\galuh\program\pelatihan_atlet\vendor\codeigniter4\framework\system\CodeIgniter.php(436): CodeIgniter\CodeIgniter->runController(Object(App\Controllers\Atlet))
#7 C:\Users\lanas\OneDrive\Documents\Skripsi\jasa\galuh\program\pelatihan_atlet\vendor\codeigniter4\framework\system\CodeIgniter.php(336): CodeIgniter\CodeIgniter->handleRequest(NULL, Object(Config\Cache), false)
#8 C:\Users\lanas\OneDrive\Documents\Skripsi\jasa\galuh\program\pelatihan_atlet\public\index.php(37): CodeIgniter\CodeIgniter->run()
#9 C:\Users\lanas\OneDrive\Documents\Skripsi\jasa\galuh\program\pelatihan_atlet\vendor\codeigniter4\framework\system\Commands\Server\rewrite.php(45): require_once('C:\\Users\\lanas\\...')
#10 {main}
CRITICAL - 2021-08-28 17:11:38 --> Trying to access array offset on value of type null
#0 C:\Users\lanas\OneDrive\Documents\Skripsi\jasa\galuh\program\pelatihan_atlet\app\Views\pages\dashboard\detail-atlet.php(70): CodeIgniter\Debug\Exceptions->errorHandler(2, 'Trying to acces...', 'C:\\Users\\lanas\\...', 70)
#1 C:\Users\lanas\OneDrive\Documents\Skripsi\jasa\galuh\program\pelatihan_atlet\vendor\codeigniter4\framework\system\View\View.php(230): include('C:\\Users\\lanas\\...')
#2 C:\Users\lanas\OneDrive\Documents\Skripsi\jasa\galuh\program\pelatihan_atlet\vendor\codeigniter4\framework\system\View\View.php(232): CodeIgniter\View\View->CodeIgniter\View\{closure}()
#3 C:\Users\lanas\OneDrive\Documents\Skripsi\jasa\galuh\program\pelatihan_atlet\vendor\codeigniter4\framework\system\Common.php(1271): CodeIgniter\View\View->render('pages/dashboard...', Array, true)
#4 C:\Users\lanas\OneDrive\Documents\Skripsi\jasa\galuh\program\pelatihan_atlet\app\Controllers\Atlet.php(118): view('pages/dashboard...', Array)
#5 C:\Users\lanas\OneDrive\Documents\Skripsi\jasa\galuh\program\pelatihan_atlet\vendor\codeigniter4\framework\system\CodeIgniter.php(928): App\Controllers\Atlet->detail('11')
#6 C:\Users\lanas\OneDrive\Documents\Skripsi\jasa\galuh\program\pelatihan_atlet\vendor\codeigniter4\framework\system\CodeIgniter.php(436): CodeIgniter\CodeIgniter->runController(Object(App\Controllers\Atlet))
#7 C:\Users\lanas\OneDrive\Documents\Skripsi\jasa\galuh\program\pelatihan_atlet\vendor\codeigniter4\framework\system\CodeIgniter.php(336): CodeIgniter\CodeIgniter->handleRequest(NULL, Object(Config\Cache), false)
#8 C:\Users\lanas\OneDrive\Documents\Skripsi\jasa\galuh\program\pelatihan_atlet\public\index.php(37): CodeIgniter\CodeIgniter->run()
#9 C:\Users\lanas\OneDrive\Documents\Skripsi\jasa\galuh\program\pelatihan_atlet\vendor\codeigniter4\framework\system\Commands\Server\rewrite.php(45): require_once('C:\\Users\\lanas\\...')
#10 {main}
CRITICAL - 2021-08-28 17:14:08 --> Trying to access array offset on value of type null
#0 C:\Users\lanas\OneDrive\Documents\Skripsi\jasa\galuh\program\pelatihan_atlet\app\Views\pages\dashboard\detail-atlet.php(70): CodeIgniter\Debug\Exceptions->errorHandler(2, 'Trying to acces...', 'C:\\Users\\lanas\\...', 70)
#1 C:\Users\lanas\OneDrive\Documents\Skripsi\jasa\galuh\program\pelatihan_atlet\vendor\codeigniter4\framework\system\View\View.php(230): include('C:\\Users\\lanas\\...')
#2 C:\Users\lanas\OneDrive\Documents\Skripsi\jasa\galuh\program\pelatihan_atlet\vendor\codeigniter4\framework\system\View\View.php(232): CodeIgniter\View\View->CodeIgniter\View\{closure}()
#3 C:\Users\lanas\OneDrive\Documents\Skripsi\jasa\galuh\program\pelatihan_atlet\vendor\codeigniter4\framework\system\Common.php(1271): CodeIgniter\View\View->render('pages/dashboard...', Array, true)
#4 C:\Users\lanas\OneDrive\Documents\Skripsi\jasa\galuh\program\pelatihan_atlet\app\Controllers\Atlet.php(118): view('pages/dashboard...', Array)
#5 C:\Users\lanas\OneDrive\Documents\Skripsi\jasa\galuh\program\pelatihan_atlet\vendor\codeigniter4\framework\system\CodeIgniter.php(928): App\Controllers\Atlet->detail('11')
#6 C:\Users\lanas\OneDrive\Documents\Skripsi\jasa\galuh\program\pelatihan_atlet\vendor\codeigniter4\framework\system\CodeIgniter.php(436): CodeIgniter\CodeIgniter->runController(Object(App\Controllers\Atlet))
#7 C:\Users\lanas\OneDrive\Documents\Skripsi\jasa\galuh\program\pelatihan_atlet\vendor\codeigniter4\framework\system\CodeIgniter.php(336): CodeIgniter\CodeIgniter->handleRequest(NULL, Object(Config\Cache), false)
#8 C:\Users\lanas\OneDrive\Documents\Skripsi\jasa\galuh\program\pelatihan_atlet\public\index.php(37): CodeIgniter\CodeIgniter->run()
#9 C:\Users\lanas\OneDrive\Documents\Skripsi\jasa\galuh\program\pelatihan_atlet\vendor\codeigniter4\framework\system\Commands\Server\rewrite.php(45): require_once('C:\\Users\\lanas\\...')
#10 {main}
CRITICAL - 2021-08-28 17:16:33 --> Cannot use isset() on the result of an expression (you can use "null !== expression" instead)
#0 [internal function]: CodeIgniter\Debug\Exceptions->shutdownHandler()
#1 {main}
