ERROR - 2021-08-30 00:26:57 --> Unknown column 'a.id_program' in 'where clause'
CRITICAL - 2021-08-30 00:26:57 --> Unknown column 'a.id_program' in 'where clause'
#0 C:\Users\lanas\OneDrive\Documents\Skripsi\jasa\galuh\program\pelatihan_atlet\vendor\codeigniter4\framework\system\Database\MySQLi\Connection.php(329): mysqli->query('SELECT SUM(a.bo...')
#1 C:\Users\lanas\OneDrive\Documents\Skripsi\jasa\galuh\program\pelatihan_atlet\vendor\codeigniter4\framework\system\Database\BaseConnection.php(732): CodeIgniter\Database\MySQLi\Connection->execute('SELECT SUM(a.bo...')
#2 C:\Users\lanas\OneDrive\Documents\Skripsi\jasa\galuh\program\pelatihan_atlet\vendor\codeigniter4\framework\system\Database\BaseConnection.php(647): CodeIgniter\Database\BaseConnection->simpleQuery('SELECT SUM(a.bo...')
#3 C:\Users\lanas\OneDrive\Documents\Skripsi\jasa\galuh\program\pelatihan_atlet\app\Controllers\Home.php(28): CodeIgniter\Database\BaseConnection->query('SELECT SUM(a.bo...')
#4 C:\Users\lanas\OneDrive\Documents\Skripsi\jasa\galuh\program\pelatihan_atlet\vendor\codeigniter4\framework\system\CodeIgniter.php(928): App\Controllers\Home->index()
#5 C:\Users\lanas\OneDrive\Documents\Skripsi\jasa\galuh\program\pelatihan_atlet\vendor\codeigniter4\framework\system\CodeIgniter.php(436): CodeIgniter\CodeIgniter->runController(Object(App\Controllers\Home))
#6 C:\Users\lanas\OneDrive\Documents\Skripsi\jasa\galuh\program\pelatihan_atlet\vendor\codeigniter4\framework\system\CodeIgniter.php(336): CodeIgniter\CodeIgniter->handleRequest(NULL, Object(Config\Cache), false)
#7 C:\Users\lanas\OneDrive\Documents\Skripsi\jasa\galuh\program\pelatihan_atlet\public\index.php(37): CodeIgniter\CodeIgniter->run()
#8 C:\Users\lanas\OneDrive\Documents\Skripsi\jasa\galuh\program\pelatihan_atlet\vendor\codeigniter4\framework\system\Commands\Server\rewrite.php(45): require_once('C:\\Users\\lanas\\...')
#9 {main}
CRITICAL - 2021-08-30 00:41:56 --> Undefined variable $title
#0 C:\Users\lanas\OneDrive\Documents\Skripsi\jasa\galuh\program\pelatihan_atlet\app\Views\pages\dashboard\jenis.php(10): CodeIgniter\Debug\Exceptions->errorHandler(2, 'Undefined varia...', 'C:\\Users\\lanas\\...', 10)
#1 C:\Users\lanas\OneDrive\Documents\Skripsi\jasa\galuh\program\pelatihan_atlet\vendor\codeigniter4\framework\system\View\View.php(230): include('C:\\Users\\lanas\\...')
#2 C:\Users\lanas\OneDrive\Documents\Skripsi\jasa\galuh\program\pelatihan_atlet\vendor\codeigniter4\framework\system\View\View.php(232): CodeIgniter\View\View->CodeIgniter\View\{closure}()
#3 C:\Users\lanas\OneDrive\Documents\Skripsi\jasa\galuh\program\pelatihan_atlet\vendor\codeigniter4\framework\system\Common.php(1271): CodeIgniter\View\View->render('pages/dashboard...', Array, true)
#4 C:\Users\lanas\OneDrive\Documents\Skripsi\jasa\galuh\program\pelatihan_atlet\app\Controllers\Jenis.php(19): view('pages/dashboard...')
#5 C:\Users\lanas\OneDrive\Documents\Skripsi\jasa\galuh\program\pelatihan_atlet\vendor\codeigniter4\framework\system\CodeIgniter.php(928): App\Controllers\Jenis->index()
#6 C:\Users\lanas\OneDrive\Documents\Skripsi\jasa\galuh\program\pelatihan_atlet\vendor\codeigniter4\framework\system\CodeIgniter.php(436): CodeIgniter\CodeIgniter->runController(Object(App\Controllers\Jenis))
#7 C:\Users\lanas\OneDrive\Documents\Skripsi\jasa\galuh\program\pelatihan_atlet\vendor\codeigniter4\framework\system\CodeIgniter.php(336): CodeIgniter\CodeIgniter->handleRequest(NULL, Object(Config\Cache), false)
#8 C:\Users\lanas\OneDrive\Documents\Skripsi\jasa\galuh\program\pelatihan_atlet\public\index.php(37): CodeIgniter\CodeIgniter->run()
#9 C:\Users\lanas\OneDrive\Documents\Skripsi\jasa\galuh\program\pelatihan_atlet\vendor\codeigniter4\framework\system\Commands\Server\rewrite.php(45): require_once('C:\\Users\\lanas\\...')
#10 {main}
ERROR - 2021-08-30 00:44:49 --> Unknown column 'a.nilai' in 'field list'
CRITICAL - 2021-08-30 00:44:49 --> Unknown column 'a.nilai' in 'field list'
#0 C:\Users\lanas\OneDrive\Documents\Skripsi\jasa\galuh\program\pelatihan_atlet\vendor\codeigniter4\framework\system\Database\MySQLi\Connection.php(329): mysqli->query('SELECT c.nama a...')
#1 C:\Users\lanas\OneDrive\Documents\Skripsi\jasa\galuh\program\pelatihan_atlet\vendor\codeigniter4\framework\system\Database\BaseConnection.php(732): CodeIgniter\Database\MySQLi\Connection->execute('SELECT c.nama a...')
#2 C:\Users\lanas\OneDrive\Documents\Skripsi\jasa\galuh\program\pelatihan_atlet\vendor\codeigniter4\framework\system\Database\BaseConnection.php(647): CodeIgniter\Database\BaseConnection->simpleQuery('SELECT c.nama a...')
#3 C:\Users\lanas\OneDrive\Documents\Skripsi\jasa\galuh\program\pelatihan_atlet\app\Controllers\Atlet.php(107): CodeIgniter\Database\BaseConnection->query('SELECT c.nama a...')
#4 C:\Users\lanas\OneDrive\Documents\Skripsi\jasa\galuh\program\pelatihan_atlet\vendor\codeigniter4\framework\system\CodeIgniter.php(928): App\Controllers\Atlet->detail('11')
#5 C:\Users\lanas\OneDrive\Documents\Skripsi\jasa\galuh\program\pelatihan_atlet\vendor\codeigniter4\framework\system\CodeIgniter.php(436): CodeIgniter\CodeIgniter->runController(Object(App\Controllers\Atlet))
#6 C:\Users\lanas\OneDrive\Documents\Skripsi\jasa\galuh\program\pelatihan_atlet\vendor\codeigniter4\framework\system\CodeIgniter.php(336): CodeIgniter\CodeIgniter->handleRequest(NULL, Object(Config\Cache), false)
#7 C:\Users\lanas\OneDrive\Documents\Skripsi\jasa\galuh\program\pelatihan_atlet\public\index.php(37): CodeIgniter\CodeIgniter->run()
#8 C:\Users\lanas\OneDrive\Documents\Skripsi\jasa\galuh\program\pelatihan_atlet\vendor\codeigniter4\framework\system\Commands\Server\rewrite.php(45): require_once('C:\\Users\\lanas\\...')
#9 {main}
ERROR - 2021-08-30 00:45:25 --> Unknown column 'a.nilai' in 'field list'
CRITICAL - 2021-08-30 00:45:25 --> Unknown column 'a.nilai' in 'field list'
#0 C:\Users\lanas\OneDrive\Documents\Skripsi\jasa\galuh\program\pelatihan_atlet\vendor\codeigniter4\framework\system\Database\MySQLi\Connection.php(329): mysqli->query('SELECT c.nama a...')
#1 C:\Users\lanas\OneDrive\Documents\Skripsi\jasa\galuh\program\pelatihan_atlet\vendor\codeigniter4\framework\system\Database\BaseConnection.php(732): CodeIgniter\Database\MySQLi\Connection->execute('SELECT c.nama a...')
#2 C:\Users\lanas\OneDrive\Documents\Skripsi\jasa\galuh\program\pelatihan_atlet\vendor\codeigniter4\framework\system\Database\BaseConnection.php(647): CodeIgniter\Database\BaseConnection->simpleQuery('SELECT c.nama a...')
#3 C:\Users\lanas\OneDrive\Documents\Skripsi\jasa\galuh\program\pelatihan_atlet\app\Controllers\Atlet.php(107): CodeIgniter\Database\BaseConnection->query('SELECT c.nama a...')
#4 C:\Users\lanas\OneDrive\Documents\Skripsi\jasa\galuh\program\pelatihan_atlet\vendor\codeigniter4\framework\system\CodeIgniter.php(928): App\Controllers\Atlet->detail('9')
#5 C:\Users\lanas\OneDrive\Documents\Skripsi\jasa\galuh\program\pelatihan_atlet\vendor\codeigniter4\framework\system\CodeIgniter.php(436): CodeIgniter\CodeIgniter->runController(Object(App\Controllers\Atlet))
#6 C:\Users\lanas\OneDrive\Documents\Skripsi\jasa\galuh\program\pelatihan_atlet\vendor\codeigniter4\framework\system\CodeIgniter.php(336): CodeIgniter\CodeIgniter->handleRequest(NULL, Object(Config\Cache), false)
#7 C:\Users\lanas\OneDrive\Documents\Skripsi\jasa\galuh\program\pelatihan_atlet\public\index.php(37): CodeIgniter\CodeIgniter->run()
#8 C:\Users\lanas\OneDrive\Documents\Skripsi\jasa\galuh\program\pelatihan_atlet\vendor\codeigniter4\framework\system\Commands\Server\rewrite.php(45): require_once('C:\\Users\\lanas\\...')
#9 {main}
CRITICAL - 2021-08-30 01:35:40 --> syntax error, unexpected double-quoted string "</td>"
#0 C:\Users\lanas\OneDrive\Documents\Skripsi\jasa\galuh\program\pelatihan_atlet\vendor\codeigniter4\framework\system\View\View.php(232): CodeIgniter\View\View->CodeIgniter\View\{closure}()
#1 C:\Users\lanas\OneDrive\Documents\Skripsi\jasa\galuh\program\pelatihan_atlet\vendor\codeigniter4\framework\system\Common.php(1271): CodeIgniter\View\View->render('pages/dashboard...', Array, true)
#2 C:\Users\lanas\OneDrive\Documents\Skripsi\jasa\galuh\program\pelatihan_atlet\app\Controllers\ProgramLatihan.php(232): view('pages/dashboard...', Array)
#3 C:\Users\lanas\OneDrive\Documents\Skripsi\jasa\galuh\program\pelatihan_atlet\vendor\codeigniter4\framework\system\CodeIgniter.php(928): App\Controllers\ProgramLatihan->detail('9')
#4 C:\Users\lanas\OneDrive\Documents\Skripsi\jasa\galuh\program\pelatihan_atlet\vendor\codeigniter4\framework\system\CodeIgniter.php(436): CodeIgniter\CodeIgniter->runController(Object(App\Controllers\ProgramLatihan))
#5 C:\Users\lanas\OneDrive\Documents\Skripsi\jasa\galuh\program\pelatihan_atlet\vendor\codeigniter4\framework\system\CodeIgniter.php(336): CodeIgniter\CodeIgniter->handleRequest(NULL, Object(Config\Cache), false)
#6 C:\Users\lanas\OneDrive\Documents\Skripsi\jasa\galuh\program\pelatihan_atlet\public\index.php(37): CodeIgniter\CodeIgniter->run()
#7 C:\Users\lanas\OneDrive\Documents\Skripsi\jasa\galuh\program\pelatihan_atlet\vendor\codeigniter4\framework\system\Commands\Server\rewrite.php(45): require_once('C:\\Users\\lanas\\...')
#8 {main}
CRITICAL - 2021-08-30 01:36:43 --> syntax error, unexpected double-quoted string "</td>"
#0 C:\Users\lanas\OneDrive\Documents\Skripsi\jasa\galuh\program\pelatihan_atlet\vendor\codeigniter4\framework\system\View\View.php(232): CodeIgniter\View\View->CodeIgniter\View\{closure}()
#1 C:\Users\lanas\OneDrive\Documents\Skripsi\jasa\galuh\program\pelatihan_atlet\vendor\codeigniter4\framework\system\Common.php(1271): CodeIgniter\View\View->render('pages/dashboard...', Array, true)
#2 C:\Users\lanas\OneDrive\Documents\Skripsi\jasa\galuh\program\pelatihan_atlet\app\Controllers\ProgramLatihan.php(232): view('pages/dashboard...', Array)
#3 C:\Users\lanas\OneDrive\Documents\Skripsi\jasa\galuh\program\pelatihan_atlet\vendor\codeigniter4\framework\system\CodeIgniter.php(928): App\Controllers\ProgramLatihan->detail('9')
#4 C:\Users\lanas\OneDrive\Documents\Skripsi\jasa\galuh\program\pelatihan_atlet\vendor\codeigniter4\framework\system\CodeIgniter.php(436): CodeIgniter\CodeIgniter->runController(Object(App\Controllers\ProgramLatihan))
#5 C:\Users\lanas\OneDrive\Documents\Skripsi\jasa\galuh\program\pelatihan_atlet\vendor\codeigniter4\framework\system\CodeIgniter.php(336): CodeIgniter\CodeIgniter->handleRequest(NULL, Object(Config\Cache), false)
#6 C:\Users\lanas\OneDrive\Documents\Skripsi\jasa\galuh\program\pelatihan_atlet\public\index.php(37): CodeIgniter\CodeIgniter->run()
#7 C:\Users\lanas\OneDrive\Documents\Skripsi\jasa\galuh\program\pelatihan_atlet\vendor\codeigniter4\framework\system\Commands\Server\rewrite.php(45): require_once('C:\\Users\\lanas\\...')
#8 {main}
CRITICAL - 2021-08-30 01:36:57 --> syntax error, unexpected double-quoted string "</td>"
#0 C:\Users\lanas\OneDrive\Documents\Skripsi\jasa\galuh\program\pelatihan_atlet\vendor\codeigniter4\framework\system\View\View.php(232): CodeIgniter\View\View->CodeIgniter\View\{closure}()
#1 C:\Users\lanas\OneDrive\Documents\Skripsi\jasa\galuh\program\pelatihan_atlet\vendor\codeigniter4\framework\system\Common.php(1271): CodeIgniter\View\View->render('pages/dashboard...', Array, true)
#2 C:\Users\lanas\OneDrive\Documents\Skripsi\jasa\galuh\program\pelatihan_atlet\app\Controllers\ProgramLatihan.php(232): view('pages/dashboard...', Array)
#3 C:\Users\lanas\OneDrive\Documents\Skripsi\jasa\galuh\program\pelatihan_atlet\vendor\codeigniter4\framework\system\CodeIgniter.php(928): App\Controllers\ProgramLatihan->detail('9')
#4 C:\Users\lanas\OneDrive\Documents\Skripsi\jasa\galuh\program\pelatihan_atlet\vendor\codeigniter4\framework\system\CodeIgniter.php(436): CodeIgniter\CodeIgniter->runController(Object(App\Controllers\ProgramLatihan))
#5 C:\Users\lanas\OneDrive\Documents\Skripsi\jasa\galuh\program\pelatihan_atlet\vendor\codeigniter4\framework\system\CodeIgniter.php(336): CodeIgniter\CodeIgniter->handleRequest(NULL, Object(Config\Cache), false)
#6 C:\Users\lanas\OneDrive\Documents\Skripsi\jasa\galuh\program\pelatihan_atlet\public\index.php(37): CodeIgniter\CodeIgniter->run()
#7 C:\Users\lanas\OneDrive\Documents\Skripsi\jasa\galuh\program\pelatihan_atlet\vendor\codeigniter4\framework\system\Commands\Server\rewrite.php(45): require_once('C:\\Users\\lanas\\...')
#8 {main}
CRITICAL - 2021-08-30 01:37:26 --> syntax error, unexpected double-quoted string "</td>"
#0 C:\Users\lanas\OneDrive\Documents\Skripsi\jasa\galuh\program\pelatihan_atlet\vendor\codeigniter4\framework\system\View\View.php(232): CodeIgniter\View\View->CodeIgniter\View\{closure}()
#1 C:\Users\lanas\OneDrive\Documents\Skripsi\jasa\galuh\program\pelatihan_atlet\vendor\codeigniter4\framework\system\Common.php(1271): CodeIgniter\View\View->render('pages/dashboard...', Array, true)
#2 C:\Users\lanas\OneDrive\Documents\Skripsi\jasa\galuh\program\pelatihan_atlet\app\Controllers\ProgramLatihan.php(232): view('pages/dashboard...', Array)
#3 C:\Users\lanas\OneDrive\Documents\Skripsi\jasa\galuh\program\pelatihan_atlet\vendor\codeigniter4\framework\system\CodeIgniter.php(928): App\Controllers\ProgramLatihan->detail('9')
#4 C:\Users\lanas\OneDrive\Documents\Skripsi\jasa\galuh\program\pelatihan_atlet\vendor\codeigniter4\framework\system\CodeIgniter.php(436): CodeIgniter\CodeIgniter->runController(Object(App\Controllers\ProgramLatihan))
#5 C:\Users\lanas\OneDrive\Documents\Skripsi\jasa\galuh\program\pelatihan_atlet\vendor\codeigniter4\framework\system\CodeIgniter.php(336): CodeIgniter\CodeIgniter->handleRequest(NULL, Object(Config\Cache), false)
#6 C:\Users\lanas\OneDrive\Documents\Skripsi\jasa\galuh\program\pelatihan_atlet\public\index.php(37): CodeIgniter\CodeIgniter->run()
#7 C:\Users\lanas\OneDrive\Documents\Skripsi\jasa\galuh\program\pelatihan_atlet\vendor\codeigniter4\framework\system\Commands\Server\rewrite.php(45): require_once('C:\\Users\\lanas\\...')
#8 {main}
CRITICAL - 2021-08-30 01:37:47 --> syntax error, unexpected double-quoted string "</td>"
#0 C:\Users\lanas\OneDrive\Documents\Skripsi\jasa\galuh\program\pelatihan_atlet\vendor\codeigniter4\framework\system\View\View.php(232): CodeIgniter\View\View->CodeIgniter\View\{closure}()
#1 C:\Users\lanas\OneDrive\Documents\Skripsi\jasa\galuh\program\pelatihan_atlet\vendor\codeigniter4\framework\system\Common.php(1271): CodeIgniter\View\View->render('pages/dashboard...', Array, true)
#2 C:\Users\lanas\OneDrive\Documents\Skripsi\jasa\galuh\program\pelatihan_atlet\app\Controllers\ProgramLatihan.php(232): view('pages/dashboard...', Array)
#3 C:\Users\lanas\OneDrive\Documents\Skripsi\jasa\galuh\program\pelatihan_atlet\vendor\codeigniter4\framework\system\CodeIgniter.php(928): App\Controllers\ProgramLatihan->detail('9')
#4 C:\Users\lanas\OneDrive\Documents\Skripsi\jasa\galuh\program\pelatihan_atlet\vendor\codeigniter4\framework\system\CodeIgniter.php(436): CodeIgniter\CodeIgniter->runController(Object(App\Controllers\ProgramLatihan))
#5 C:\Users\lanas\OneDrive\Documents\Skripsi\jasa\galuh\program\pelatihan_atlet\vendor\codeigniter4\framework\system\CodeIgniter.php(336): CodeIgniter\CodeIgniter->handleRequest(NULL, Object(Config\Cache), false)
#6 C:\Users\lanas\OneDrive\Documents\Skripsi\jasa\galuh\program\pelatihan_atlet\public\index.php(37): CodeIgniter\CodeIgniter->run()
#7 C:\Users\lanas\OneDrive\Documents\Skripsi\jasa\galuh\program\pelatihan_atlet\vendor\codeigniter4\framework\system\Commands\Server\rewrite.php(45): require_once('C:\\Users\\lanas\\...')
#8 {main}
CRITICAL - 2021-08-30 01:37:54 --> syntax error, unexpected double-quoted string "</td>"
#0 C:\Users\lanas\OneDrive\Documents\Skripsi\jasa\galuh\program\pelatihan_atlet\vendor\codeigniter4\framework\system\View\View.php(232): CodeIgniter\View\View->CodeIgniter\View\{closure}()
#1 C:\Users\lanas\OneDrive\Documents\Skripsi\jasa\galuh\program\pelatihan_atlet\vendor\codeigniter4\framework\system\Common.php(1271): CodeIgniter\View\View->render('pages/dashboard...', Array, true)
#2 C:\Users\lanas\OneDrive\Documents\Skripsi\jasa\galuh\program\pelatihan_atlet\app\Controllers\ProgramLatihan.php(232): view('pages/dashboard...', Array)
#3 C:\Users\lanas\OneDrive\Documents\Skripsi\jasa\galuh\program\pelatihan_atlet\vendor\codeigniter4\framework\system\CodeIgniter.php(928): App\Controllers\ProgramLatihan->detail('9')
#4 C:\Users\lanas\OneDrive\Documents\Skripsi\jasa\galuh\program\pelatihan_atlet\vendor\codeigniter4\framework\system\CodeIgniter.php(436): CodeIgniter\CodeIgniter->runController(Object(App\Controllers\ProgramLatihan))
#5 C:\Users\lanas\OneDrive\Documents\Skripsi\jasa\galuh\program\pelatihan_atlet\vendor\codeigniter4\framework\system\CodeIgniter.php(336): CodeIgniter\CodeIgniter->handleRequest(NULL, Object(Config\Cache), false)
#6 C:\Users\lanas\OneDrive\Documents\Skripsi\jasa\galuh\program\pelatihan_atlet\public\index.php(37): CodeIgniter\CodeIgniter->run()
#7 C:\Users\lanas\OneDrive\Documents\Skripsi\jasa\galuh\program\pelatihan_atlet\vendor\codeigniter4\framework\system\Commands\Server\rewrite.php(45): require_once('C:\\Users\\lanas\\...')
#8 {main}
CRITICAL - 2021-08-30 01:48:17 --> Undefined constant "bobot"
#0 C:\Users\lanas\OneDrive\Documents\Skripsi\jasa\galuh\program\pelatihan_atlet\vendor\codeigniter4\framework\system\View\View.php(230): include()
#1 C:\Users\lanas\OneDrive\Documents\Skripsi\jasa\galuh\program\pelatihan_atlet\vendor\codeigniter4\framework\system\View\View.php(232): CodeIgniter\View\View->CodeIgniter\View\{closure}()
#2 C:\Users\lanas\OneDrive\Documents\Skripsi\jasa\galuh\program\pelatihan_atlet\vendor\codeigniter4\framework\system\Common.php(1271): CodeIgniter\View\View->render('pages/dashboard...', Array, true)
#3 C:\Users\lanas\OneDrive\Documents\Skripsi\jasa\galuh\program\pelatihan_atlet\app\Controllers\ProgramLatihan.php(232): view('pages/dashboard...', Array)
#4 C:\Users\lanas\OneDrive\Documents\Skripsi\jasa\galuh\program\pelatihan_atlet\vendor\codeigniter4\framework\system\CodeIgniter.php(928): App\Controllers\ProgramLatihan->detail('9')
#5 C:\Users\lanas\OneDrive\Documents\Skripsi\jasa\galuh\program\pelatihan_atlet\vendor\codeigniter4\framework\system\CodeIgniter.php(436): CodeIgniter\CodeIgniter->runController(Object(App\Controllers\ProgramLatihan))
#6 C:\Users\lanas\OneDrive\Documents\Skripsi\jasa\galuh\program\pelatihan_atlet\vendor\codeigniter4\framework\system\CodeIgniter.php(336): CodeIgniter\CodeIgniter->handleRequest(NULL, Object(Config\Cache), false)
#7 C:\Users\lanas\OneDrive\Documents\Skripsi\jasa\galuh\program\pelatihan_atlet\public\index.php(37): CodeIgniter\CodeIgniter->run()
#8 C:\Users\lanas\OneDrive\Documents\Skripsi\jasa\galuh\program\pelatihan_atlet\vendor\codeigniter4\framework\system\Commands\Server\rewrite.php(45): require_once('C:\\Users\\lanas\\...')
#9 {main}
CRITICAL - 2021-08-30 01:50:32 --> Undefined variable $j
#0 C:\Users\lanas\OneDrive\Documents\Skripsi\jasa\galuh\program\pelatihan_atlet\app\Controllers\ProgramLatihan.php(198): CodeIgniter\Debug\Exceptions->errorHandler(2, 'Undefined varia...', 'C:\\Users\\lanas\\...', 198)
#1 C:\Users\lanas\OneDrive\Documents\Skripsi\jasa\galuh\program\pelatihan_atlet\vendor\codeigniter4\framework\system\CodeIgniter.php(928): App\Controllers\ProgramLatihan->detail('9')
#2 C:\Users\lanas\OneDrive\Documents\Skripsi\jasa\galuh\program\pelatihan_atlet\vendor\codeigniter4\framework\system\CodeIgniter.php(436): CodeIgniter\CodeIgniter->runController(Object(App\Controllers\ProgramLatihan))
#3 C:\Users\lanas\OneDrive\Documents\Skripsi\jasa\galuh\program\pelatihan_atlet\vendor\codeigniter4\framework\system\CodeIgniter.php(336): CodeIgniter\CodeIgniter->handleRequest(NULL, Object(Config\Cache), false)
#4 C:\Users\lanas\OneDrive\Documents\Skripsi\jasa\galuh\program\pelatihan_atlet\public\index.php(37): CodeIgniter\CodeIgniter->run()
#5 C:\Users\lanas\OneDrive\Documents\Skripsi\jasa\galuh\program\pelatihan_atlet\vendor\codeigniter4\framework\system\Commands\Server\rewrite.php(45): require_once('C:\\Users\\lanas\\...')
#6 {main}
CRITICAL - 2021-08-30 01:51:57 --> Undefined variable $bobot2
#0 C:\Users\lanas\OneDrive\Documents\Skripsi\jasa\galuh\program\pelatihan_atlet\app\Views\pages\dashboard\detail-program-latihan.php(82): CodeIgniter\Debug\Exceptions->errorHandler(2, 'Undefined varia...', 'C:\\Users\\lanas\\...', 82)
#1 C:\Users\lanas\OneDrive\Documents\Skripsi\jasa\galuh\program\pelatihan_atlet\vendor\codeigniter4\framework\system\View\View.php(230): include('C:\\Users\\lanas\\...')
#2 C:\Users\lanas\OneDrive\Documents\Skripsi\jasa\galuh\program\pelatihan_atlet\vendor\codeigniter4\framework\system\View\View.php(232): CodeIgniter\View\View->CodeIgniter\View\{closure}()
#3 C:\Users\lanas\OneDrive\Documents\Skripsi\jasa\galuh\program\pelatihan_atlet\vendor\codeigniter4\framework\system\Common.php(1271): CodeIgniter\View\View->render('pages/dashboard...', Array, true)
#4 C:\Users\lanas\OneDrive\Documents\Skripsi\jasa\galuh\program\pelatihan_atlet\app\Controllers\ProgramLatihan.php(234): view('pages/dashboard...', Array)
#5 C:\Users\lanas\OneDrive\Documents\Skripsi\jasa\galuh\program\pelatihan_atlet\vendor\codeigniter4\framework\system\CodeIgniter.php(928): App\Controllers\ProgramLatihan->detail('9')
#6 C:\Users\lanas\OneDrive\Documents\Skripsi\jasa\galuh\program\pelatihan_atlet\vendor\codeigniter4\framework\system\CodeIgniter.php(436): CodeIgniter\CodeIgniter->runController(Object(App\Controllers\ProgramLatihan))
#7 C:\Users\lanas\OneDrive\Documents\Skripsi\jasa\galuh\program\pelatihan_atlet\vendor\codeigniter4\framework\system\CodeIgniter.php(336): CodeIgniter\CodeIgniter->handleRequest(NULL, Object(Config\Cache), false)
#8 C:\Users\lanas\OneDrive\Documents\Skripsi\jasa\galuh\program\pelatihan_atlet\public\index.php(37): CodeIgniter\CodeIgniter->run()
#9 C:\Users\lanas\OneDrive\Documents\Skripsi\jasa\galuh\program\pelatihan_atlet\vendor\codeigniter4\framework\system\Commands\Server\rewrite.php(45): require_once('C:\\Users\\lanas\\...')
#10 {main}
ERROR - 2021-08-30 03:05:07 --> You have an error in your SQL syntax; check the manual that corresponds to your MariaDB server version for the right syntax to use near '' at line 1
CRITICAL - 2021-08-30 03:05:07 --> You have an error in your SQL syntax; check the manual that corresponds to your MariaDB server version for the right syntax to use near '' at line 1
#0 C:\Users\lanas\OneDrive\Documents\Skripsi\jasa\galuh\program\pelatihan_atlet\vendor\codeigniter4\framework\system\Database\MySQLi\Connection.php(329): mysqli->query('SELECT a.nama, ...')
#1 C:\Users\lanas\OneDrive\Documents\Skripsi\jasa\galuh\program\pelatihan_atlet\vendor\codeigniter4\framework\system\Database\BaseConnection.php(732): CodeIgniter\Database\MySQLi\Connection->execute('SELECT a.nama, ...')
#2 C:\Users\lanas\OneDrive\Documents\Skripsi\jasa\galuh\program\pelatihan_atlet\vendor\codeigniter4\framework\system\Database\BaseConnection.php(647): CodeIgniter\Database\BaseConnection->simpleQuery('SELECT a.nama, ...')
#3 C:\Users\lanas\OneDrive\Documents\Skripsi\jasa\galuh\program\pelatihan_atlet\app\Controllers\ProgramLatihan.php(36): CodeIgniter\Database\BaseConnection->query('SELECT a.nama, ...')
#4 C:\Users\lanas\OneDrive\Documents\Skripsi\jasa\galuh\program\pelatihan_atlet\vendor\codeigniter4\framework\system\CodeIgniter.php(928): App\Controllers\ProgramLatihan->index()
#5 C:\Users\lanas\OneDrive\Documents\Skripsi\jasa\galuh\program\pelatihan_atlet\vendor\codeigniter4\framework\system\CodeIgniter.php(436): CodeIgniter\CodeIgniter->runController(Object(App\Controllers\ProgramLatihan))
#6 C:\Users\lanas\OneDrive\Documents\Skripsi\jasa\galuh\program\pelatihan_atlet\vendor\codeigniter4\framework\system\CodeIgniter.php(336): CodeIgniter\CodeIgniter->handleRequest(NULL, Object(Config\Cache), false)
#7 C:\Users\lanas\OneDrive\Documents\Skripsi\jasa\galuh\program\pelatihan_atlet\public\index.php(37): CodeIgniter\CodeIgniter->run()
#8 C:\Users\lanas\OneDrive\Documents\Skripsi\jasa\galuh\program\pelatihan_atlet\vendor\codeigniter4\framework\system\Commands\Server\rewrite.php(45): require_once('C:\\Users\\lanas\\...')
#9 {main}
CRITICAL - 2021-08-30 03:06:42 --> Undefined array key "id_atlet"
#0 C:\Users\lanas\OneDrive\Documents\Skripsi\jasa\galuh\program\pelatihan_atlet\app\Views\pages\dashboard\program-latihan.php(62): CodeIgniter\Debug\Exceptions->errorHandler(2, 'Undefined array...', 'C:\\Users\\lanas\\...', 62)
#1 C:\Users\lanas\OneDrive\Documents\Skripsi\jasa\galuh\program\pelatihan_atlet\vendor\codeigniter4\framework\system\View\View.php(230): include('C:\\Users\\lanas\\...')
#2 C:\Users\lanas\OneDrive\Documents\Skripsi\jasa\galuh\program\pelatihan_atlet\vendor\codeigniter4\framework\system\View\View.php(232): CodeIgniter\View\View->CodeIgniter\View\{closure}()
#3 C:\Users\lanas\OneDrive\Documents\Skripsi\jasa\galuh\program\pelatihan_atlet\vendor\codeigniter4\framework\system\Common.php(1271): CodeIgniter\View\View->render('pages/dashboard...', Array, true)
#4 C:\Users\lanas\OneDrive\Documents\Skripsi\jasa\galuh\program\pelatihan_atlet\app\Controllers\ProgramLatihan.php(46): view('pages/dashboard...', Array)
#5 C:\Users\lanas\OneDrive\Documents\Skripsi\jasa\galuh\program\pelatihan_atlet\vendor\codeigniter4\framework\system\CodeIgniter.php(928): App\Controllers\ProgramLatihan->index()
#6 C:\Users\lanas\OneDrive\Documents\Skripsi\jasa\galuh\program\pelatihan_atlet\vendor\codeigniter4\framework\system\CodeIgniter.php(436): CodeIgniter\CodeIgniter->runController(Object(App\Controllers\ProgramLatihan))
#7 C:\Users\lanas\OneDrive\Documents\Skripsi\jasa\galuh\program\pelatihan_atlet\vendor\codeigniter4\framework\system\CodeIgniter.php(336): CodeIgniter\CodeIgniter->handleRequest(NULL, Object(Config\Cache), false)
#8 C:\Users\lanas\OneDrive\Documents\Skripsi\jasa\galuh\program\pelatihan_atlet\public\index.php(37): CodeIgniter\CodeIgniter->run()
#9 C:\Users\lanas\OneDrive\Documents\Skripsi\jasa\galuh\program\pelatihan_atlet\vendor\codeigniter4\framework\system\Commands\Server\rewrite.php(45): require_once('C:\\Users\\lanas\\...')
#10 {main}
